Looking for images in '01_Byzantin_Iconography'
Looking for images in '12_Symbolism'
Looking for images in '17_NaiveArt'
Looking for images in '02_Early_Renaissance'
Looking for images in '09_Impressionism'
Looking for images in '15_Surrealism'
Looking for images in '04_High_Renaissance'
Looking for images in '11_Expressionism'
Looking for images in '18_PopArt'
Looking for images in '10_Post_Impressionism'
Looking for images in '05_Baroque'
Looking for images in '08_Realism'
Looking for images in '07_Romanticism'
Looking for images in '13_Fauvism'
Looking for images in '14_Cubism'
Looking for images in '06_Rococo'
Looking for images in '16_AbstractArt'
Looking for images in '03_Northern_Renaissance'
100 bottleneck files created.
200 bottleneck files created.
300 bottleneck files created.
400 bottleneck files created.
500 bottleneck files created.
600 bottleneck files created.
700 bottleneck files created.
800 bottleneck files created.
900 bottleneck files created.
1000 bottleneck files created.
1100 bottleneck files created.
1200 bottleneck files created.
1300 bottleneck files created.
1400 bottleneck files created.
1500 bottleneck files created.
1600 bottleneck files created.
1700 bottleneck files created.
1800 bottleneck files created.
1900 bottleneck files created.
2000 bottleneck files created.
2100 bottleneck files created.
2200 bottleneck files created.
2300 bottleneck files created.
2400 bottleneck files created.
2500 bottleneck files created.
2600 bottleneck files created.
2700 bottleneck files created.
2800 bottleneck files created.
2900 bottleneck files created.
3000 bottleneck files created.
3100 bottleneck files created.
3200 bottleneck files created.
3300 bottleneck files created.
3400 bottleneck files created.
3500 bottleneck files created.
3600 bottleneck files created.
3700 bottleneck files created.
3800 bottleneck files created.
3900 bottleneck files created.
4000 bottleneck files created.
4100 bottleneck files created.
4200 bottleneck files created.
4300 bottleneck files created.
4400 bottleneck files created.
4500 bottleneck files created.
4600 bottleneck files created.
4700 bottleneck files created.
4800 bottleneck files created.
4900 bottleneck files created.
5000 bottleneck files created.
5100 bottleneck files created.
5200 bottleneck files created.
5300 bottleneck files created.
5400 bottleneck files created.
5500 bottleneck files created.
5600 bottleneck files created.
5700 bottleneck files created.
5800 bottleneck files created.
5900 bottleneck files created.
6000 bottleneck files created.
6100 bottleneck files created.
6200 bottleneck files created.
6300 bottleneck files created.
6400 bottleneck files created.
6500 bottleneck files created.
6600 bottleneck files created.
6700 bottleneck files created.
6800 bottleneck files created.
6900 bottleneck files created.
7000 bottleneck files created.
7100 bottleneck files created.
7200 bottleneck files created.
7300 bottleneck files created.
7400 bottleneck files created.
7500 bottleneck files created.
7600 bottleneck files created.
7700 bottleneck files created.
7800 bottleneck files created.
7900 bottleneck files created.
8000 bottleneck files created.
8100 bottleneck files created.
8200 bottleneck files created.
8300 bottleneck files created.
8400 bottleneck files created.
8500 bottleneck files created.
8600 bottleneck files created.
8700 bottleneck files created.
8800 bottleneck files created.
8900 bottleneck files created.
9000 bottleneck files created.
9100 bottleneck files created.
9200 bottleneck files created.
9300 bottleneck files created.
9400 bottleneck files created.
9500 bottleneck files created.
9600 bottleneck files created.
9700 bottleneck files created.
9800 bottleneck files created.
9900 bottleneck files created.
10000 bottleneck files created.
10100 bottleneck files created.
10200 bottleneck files created.
10300 bottleneck files created.
10400 bottleneck files created.
10500 bottleneck files created.
10600 bottleneck files created.
10700 bottleneck files created.
10800 bottleneck files created.
10900 bottleneck files created.
11000 bottleneck files created.
11100 bottleneck files created.
11200 bottleneck files created.
11300 bottleneck files created.
11400 bottleneck files created.
11500 bottleneck files created.
11600 bottleneck files created.
11700 bottleneck files created.
11800 bottleneck files created.
11900 bottleneck files created.
12000 bottleneck files created.
12100 bottleneck files created.
12200 bottleneck files created.
12300 bottleneck files created.
12400 bottleneck files created.
12500 bottleneck files created.
12600 bottleneck files created.
12700 bottleneck files created.
12800 bottleneck files created.
12900 bottleneck files created.
13000 bottleneck files created.
13100 bottleneck files created.
13200 bottleneck files created.
13300 bottleneck files created.
13400 bottleneck files created.
13500 bottleneck files created.
13600 bottleneck files created.
13700 bottleneck files created.
13800 bottleneck files created.
13900 bottleneck files created.
14000 bottleneck files created.
14100 bottleneck files created.
14200 bottleneck files created.
14300 bottleneck files created.
14400 bottleneck files created.
14500 bottleneck files created.
14600 bottleneck files created.
14700 bottleneck files created.
14800 bottleneck files created.
14900 bottleneck files created.
15000 bottleneck files created.
15100 bottleneck files created.
15200 bottleneck files created.
15300 bottleneck files created.
15400 bottleneck files created.
15500 bottleneck files created.
15600 bottleneck files created.
15700 bottleneck files created.
15800 bottleneck files created.
15900 bottleneck files created.
16000 bottleneck files created.
16100 bottleneck files created.
16200 bottleneck files created.
16300 bottleneck files created.
16400 bottleneck files created.
16500 bottleneck files created.
16600 bottleneck files created.
16700 bottleneck files created.
16800 bottleneck files created.
16900 bottleneck files created.
17000 bottleneck files created.
17100 bottleneck files created.
17200 bottleneck files created.
17300 bottleneck files created.
17400 bottleneck files created.
17500 bottleneck files created.
17600 bottleneck files created.
17700 bottleneck files created.
17800 bottleneck files created.
2017-05-29 01:49:06.712946: Step 0: Train accuracy = 14.0%
2017-05-29 01:49:06.713049: Step 0: Cross entropy = 2.828135
2017-05-29 01:49:06.972882: Step 0: Validation accuracy = 6.0% (N=100)
2017-05-29 01:49:08.519760: Step 10: Train accuracy = 22.0%
2017-05-29 01:49:08.519832: Step 10: Cross entropy = 2.779574
2017-05-29 01:49:08.647230: Step 10: Validation accuracy = 11.0% (N=100)
2017-05-29 01:49:10.661844: Step 20: Train accuracy = 34.0%
2017-05-29 01:49:10.661918: Step 20: Cross entropy = 2.742183
2017-05-29 01:49:10.833347: Step 20: Validation accuracy = 19.0% (N=100)
2017-05-29 01:49:12.814717: Step 30: Train accuracy = 33.0%
2017-05-29 01:49:12.814802: Step 30: Cross entropy = 2.673083
2017-05-29 01:49:12.944897: Step 30: Validation accuracy = 26.0% (N=100)
2017-05-29 01:49:14.544875: Step 40: Train accuracy = 32.0%
2017-05-29 01:49:14.544950: Step 40: Cross entropy = 2.620161
2017-05-29 01:49:14.671714: Step 40: Validation accuracy = 24.0% (N=100)
2017-05-29 01:49:16.250196: Step 50: Train accuracy = 38.0%
2017-05-29 01:49:16.250249: Step 50: Cross entropy = 2.572278
2017-05-29 01:49:16.389179: Step 50: Validation accuracy = 32.0% (N=100)
2017-05-29 01:49:17.901845: Step 60: Train accuracy = 50.0%
2017-05-29 01:49:17.901909: Step 60: Cross entropy = 2.494300
2017-05-29 01:49:18.031483: Step 60: Validation accuracy = 30.0% (N=100)
2017-05-29 01:49:19.605935: Step 70: Train accuracy = 35.0%
2017-05-29 01:49:19.606029: Step 70: Cross entropy = 2.542046
2017-05-29 01:49:19.735703: Step 70: Validation accuracy = 28.0% (N=100)
2017-05-29 01:49:21.704809: Step 80: Train accuracy = 40.0%
2017-05-29 01:49:21.704865: Step 80: Cross entropy = 2.430840
2017-05-29 01:49:21.832511: Step 80: Validation accuracy = 36.0% (N=100)
2017-05-29 01:49:23.948773: Step 90: Train accuracy = 43.0%
2017-05-29 01:49:23.948847: Step 90: Cross entropy = 2.382531
2017-05-29 01:49:24.083432: Step 90: Validation accuracy = 35.0% (N=100)
2017-05-29 01:49:25.648434: Step 100: Train accuracy = 38.0%
2017-05-29 01:49:25.648507: Step 100: Cross entropy = 2.446265
2017-05-29 01:49:25.859329: Step 100: Validation accuracy = 41.0% (N=100)
2017-05-29 01:49:28.060812: Step 110: Train accuracy = 45.0%
2017-05-29 01:49:28.060887: Step 110: Cross entropy = 2.280687
2017-05-29 01:49:28.317076: Step 110: Validation accuracy = 46.0% (N=100)
2017-05-29 01:49:30.360437: Step 120: Train accuracy = 47.0%
2017-05-29 01:49:30.360522: Step 120: Cross entropy = 2.315711
2017-05-29 01:49:30.625133: Step 120: Validation accuracy = 27.0% (N=100)
2017-05-29 01:49:32.330292: Step 130: Train accuracy = 48.0%
2017-05-29 01:49:32.330351: Step 130: Cross entropy = 2.254428
2017-05-29 01:49:32.469703: Step 130: Validation accuracy = 42.0% (N=100)
2017-05-29 01:49:33.933534: Step 140: Train accuracy = 43.0%
2017-05-29 01:49:33.933608: Step 140: Cross entropy = 2.273728
2017-05-29 01:49:34.060911: Step 140: Validation accuracy = 32.0% (N=100)
2017-05-29 01:49:35.717261: Step 150: Train accuracy = 46.0%
2017-05-29 01:49:35.717335: Step 150: Cross entropy = 2.222942
2017-05-29 01:49:35.846490: Step 150: Validation accuracy = 41.0% (N=100)
2017-05-29 01:49:37.626658: Step 160: Train accuracy = 50.0%
2017-05-29 01:49:37.626734: Step 160: Cross entropy = 2.137939
2017-05-29 01:49:37.752516: Step 160: Validation accuracy = 51.0% (N=100)
2017-05-29 01:49:39.436396: Step 170: Train accuracy = 34.0%
2017-05-29 01:49:39.436473: Step 170: Cross entropy = 2.323158
2017-05-29 01:49:39.570051: Step 170: Validation accuracy = 38.0% (N=100)
2017-05-29 01:49:40.982396: Step 180: Train accuracy = 49.0%
2017-05-29 01:49:40.982473: Step 180: Cross entropy = 2.121876
2017-05-29 01:49:41.108202: Step 180: Validation accuracy = 33.0% (N=100)
2017-05-29 01:49:42.222300: Step 190: Train accuracy = 46.0%
2017-05-29 01:49:42.222398: Step 190: Cross entropy = 2.118953
2017-05-29 01:49:42.413118: Step 190: Validation accuracy = 34.0% (N=100)
2017-05-29 01:49:44.700900: Step 200: Train accuracy = 46.0%
2017-05-29 01:49:44.700984: Step 200: Cross entropy = 2.114023
2017-05-29 01:49:44.949950: Step 200: Validation accuracy = 42.0% (N=100)
2017-05-29 01:49:46.701759: Step 210: Train accuracy = 43.0%
2017-05-29 01:49:46.701836: Step 210: Cross entropy = 2.181716
2017-05-29 01:49:46.834514: Step 210: Validation accuracy = 40.0% (N=100)
2017-05-29 01:49:48.405668: Step 220: Train accuracy = 38.0%
2017-05-29 01:49:48.405736: Step 220: Cross entropy = 2.155720
2017-05-29 01:49:48.591326: Step 220: Validation accuracy = 39.0% (N=100)
2017-05-29 01:49:50.151175: Step 230: Train accuracy = 48.0%
2017-05-29 01:49:50.151260: Step 230: Cross entropy = 2.004728
2017-05-29 01:49:50.280539: Step 230: Validation accuracy = 45.0% (N=100)
2017-05-29 01:49:52.267901: Step 240: Train accuracy = 49.0%
2017-05-29 01:49:52.267974: Step 240: Cross entropy = 2.052029
2017-05-29 01:49:52.432920: Step 240: Validation accuracy = 39.0% (N=100)
2017-05-29 01:49:54.140535: Step 250: Train accuracy = 32.0%
2017-05-29 01:49:54.140627: Step 250: Cross entropy = 2.108044
2017-05-29 01:49:54.272262: Step 250: Validation accuracy = 36.0% (N=100)
2017-05-29 01:49:55.929328: Step 260: Train accuracy = 43.0%
2017-05-29 01:49:55.929422: Step 260: Cross entropy = 1.987477
2017-05-29 01:49:56.062261: Step 260: Validation accuracy = 42.0% (N=100)
2017-05-29 01:49:57.483763: Step 270: Train accuracy = 41.0%
2017-05-29 01:49:57.483840: Step 270: Cross entropy = 2.074817
2017-05-29 01:49:57.627995: Step 270: Validation accuracy = 38.0% (N=100)
2017-05-29 01:49:59.231353: Step 280: Train accuracy = 55.0%
2017-05-29 01:49:59.231460: Step 280: Cross entropy = 1.896370
2017-05-29 01:49:59.373836: Step 280: Validation accuracy = 32.0% (N=100)
2017-05-29 01:50:00.708575: Step 290: Train accuracy = 44.0%
2017-05-29 01:50:00.708653: Step 290: Cross entropy = 2.031612
2017-05-29 01:50:00.835598: Step 290: Validation accuracy = 35.0% (N=100)
2017-05-29 01:50:02.231898: Step 300: Train accuracy = 46.0%
2017-05-29 01:50:02.231974: Step 300: Cross entropy = 1.935477
2017-05-29 01:50:02.360004: Step 300: Validation accuracy = 32.0% (N=100)
2017-05-29 01:50:03.892442: Step 310: Train accuracy = 51.0%
2017-05-29 01:50:03.892517: Step 310: Cross entropy = 1.937611
2017-05-29 01:50:04.038295: Step 310: Validation accuracy = 45.0% (N=100)
2017-05-29 01:50:05.714077: Step 320: Train accuracy = 45.0%
2017-05-29 01:50:05.714137: Step 320: Cross entropy = 1.936035
2017-05-29 01:50:05.948743: Step 320: Validation accuracy = 42.0% (N=100)
2017-05-29 01:50:07.928256: Step 330: Train accuracy = 55.0%
2017-05-29 01:50:07.928342: Step 330: Cross entropy = 1.927086
2017-05-29 01:50:08.154730: Step 330: Validation accuracy = 42.0% (N=100)
2017-05-29 01:50:09.531766: Step 340: Train accuracy = 46.0%
2017-05-29 01:50:09.531841: Step 340: Cross entropy = 1.971581
2017-05-29 01:50:09.698647: Step 340: Validation accuracy = 47.0% (N=100)
2017-05-29 01:50:11.139281: Step 350: Train accuracy = 37.0%
2017-05-29 01:50:11.139369: Step 350: Cross entropy = 2.003713
2017-05-29 01:50:11.292843: Step 350: Validation accuracy = 39.0% (N=100)
2017-05-29 01:50:13.218090: Step 360: Train accuracy = 33.0%
2017-05-29 01:50:13.218150: Step 360: Cross entropy = 2.097140
2017-05-29 01:50:13.350236: Step 360: Validation accuracy = 43.0% (N=100)
2017-05-29 01:50:15.206115: Step 370: Train accuracy = 35.0%
2017-05-29 01:50:15.206197: Step 370: Cross entropy = 2.051745
2017-05-29 01:50:15.445061: Step 370: Validation accuracy = 39.0% (N=100)
2017-05-29 01:50:17.168305: Step 380: Train accuracy = 40.0%
2017-05-29 01:50:17.168378: Step 380: Cross entropy = 1.860058
2017-05-29 01:50:17.303238: Step 380: Validation accuracy = 36.0% (N=100)
2017-05-29 01:50:18.669991: Step 390: Train accuracy = 51.0%
2017-05-29 01:50:18.670066: Step 390: Cross entropy = 1.804787
2017-05-29 01:50:18.798165: Step 390: Validation accuracy = 45.0% (N=100)
2017-05-29 01:50:20.244785: Step 400: Train accuracy = 55.0%
2017-05-29 01:50:20.244880: Step 400: Cross entropy = 1.800029
2017-05-29 01:50:20.374094: Step 400: Validation accuracy = 43.0% (N=100)
2017-05-29 01:50:22.066138: Step 410: Train accuracy = 52.0%
2017-05-29 01:50:22.066217: Step 410: Cross entropy = 1.851713
2017-05-29 01:50:22.196938: Step 410: Validation accuracy = 43.0% (N=100)
2017-05-29 01:50:23.952778: Step 420: Train accuracy = 40.0%
2017-05-29 01:50:23.952850: Step 420: Cross entropy = 1.975966
2017-05-29 01:50:24.145133: Step 420: Validation accuracy = 43.0% (N=100)
2017-05-29 01:50:25.958020: Step 430: Train accuracy = 42.0%
2017-05-29 01:50:25.958091: Step 430: Cross entropy = 1.929639
2017-05-29 01:50:26.100426: Step 430: Validation accuracy = 46.0% (N=100)
2017-05-29 01:50:27.752187: Step 440: Train accuracy = 51.0%
2017-05-29 01:50:27.752282: Step 440: Cross entropy = 1.981194
2017-05-29 01:50:27.879261: Step 440: Validation accuracy = 39.0% (N=100)
2017-05-29 01:50:30.108440: Step 450: Train accuracy = 57.0%
2017-05-29 01:50:30.108516: Step 450: Cross entropy = 1.791868
2017-05-29 01:50:30.308159: Step 450: Validation accuracy = 42.0% (N=100)
2017-05-29 01:50:32.100541: Step 460: Train accuracy = 48.0%
2017-05-29 01:50:32.100616: Step 460: Cross entropy = 1.894574
2017-05-29 01:50:32.277182: Step 460: Validation accuracy = 47.0% (N=100)
2017-05-29 01:50:33.788016: Step 470: Train accuracy = 52.0%
2017-05-29 01:50:33.788090: Step 470: Cross entropy = 1.731633
2017-05-29 01:50:33.917897: Step 470: Validation accuracy = 41.0% (N=100)
2017-05-29 01:50:35.568129: Step 480: Train accuracy = 50.0%
2017-05-29 01:50:35.568202: Step 480: Cross entropy = 1.828880
2017-05-29 01:50:35.716719: Step 480: Validation accuracy = 38.0% (N=100)
2017-05-29 01:50:37.577393: Step 490: Train accuracy = 51.0%
2017-05-29 01:50:37.577475: Step 490: Cross entropy = 1.765263
2017-05-29 01:50:37.705672: Step 490: Validation accuracy = 35.0% (N=100)
2017-05-29 01:50:39.478346: Step 500: Train accuracy = 51.0%
2017-05-29 01:50:39.478420: Step 500: Cross entropy = 1.785895
2017-05-29 01:50:39.723427: Step 500: Validation accuracy = 50.0% (N=100)
2017-05-29 01:50:41.495380: Step 510: Train accuracy = 54.0%
2017-05-29 01:50:41.495535: Step 510: Cross entropy = 1.826151
2017-05-29 01:50:41.681762: Step 510: Validation accuracy = 48.0% (N=100)
2017-05-29 01:50:43.238000: Step 520: Train accuracy = 48.0%
2017-05-29 01:50:43.238075: Step 520: Cross entropy = 1.809473
2017-05-29 01:50:43.389033: Step 520: Validation accuracy = 45.0% (N=100)
2017-05-29 01:50:45.042905: Step 530: Train accuracy = 55.0%
2017-05-29 01:50:45.042991: Step 530: Cross entropy = 1.713688
2017-05-29 01:50:45.176496: Step 530: Validation accuracy = 39.0% (N=100)
2017-05-29 01:50:46.720348: Step 540: Train accuracy = 40.0%
2017-05-29 01:50:46.720458: Step 540: Cross entropy = 1.825584
2017-05-29 01:50:46.900533: Step 540: Validation accuracy = 40.0% (N=100)
2017-05-29 01:50:48.509647: Step 550: Train accuracy = 42.0%
2017-05-29 01:50:48.509727: Step 550: Cross entropy = 1.909478
2017-05-29 01:50:48.652468: Step 550: Validation accuracy = 39.0% (N=100)
2017-05-29 01:50:50.350091: Step 560: Train accuracy = 47.0%
2017-05-29 01:50:50.350168: Step 560: Cross entropy = 1.769330
2017-05-29 01:50:50.496127: Step 560: Validation accuracy = 39.0% (N=100)
2017-05-29 01:50:52.220027: Step 570: Train accuracy = 45.0%
2017-05-29 01:50:52.220103: Step 570: Cross entropy = 1.785538
2017-05-29 01:50:52.375088: Step 570: Validation accuracy = 43.0% (N=100)
2017-05-29 01:50:54.101036: Step 580: Train accuracy = 43.0%
2017-05-29 01:50:54.101099: Step 580: Cross entropy = 1.915662
2017-05-29 01:50:54.256649: Step 580: Validation accuracy = 42.0% (N=100)
2017-05-29 01:50:55.752424: Step 590: Train accuracy = 48.0%
2017-05-29 01:50:55.752500: Step 590: Cross entropy = 1.808734
2017-05-29 01:50:55.883653: Step 590: Validation accuracy = 45.0% (N=100)
2017-05-29 01:50:57.498486: Step 600: Train accuracy = 43.0%
2017-05-29 01:50:57.498573: Step 600: Cross entropy = 1.807917
2017-05-29 01:50:57.693766: Step 600: Validation accuracy = 37.0% (N=100)
2017-05-29 01:50:59.476797: Step 610: Train accuracy = 39.0%
2017-05-29 01:50:59.476874: Step 610: Cross entropy = 1.816673
2017-05-29 01:50:59.714778: Step 610: Validation accuracy = 42.0% (N=100)
2017-05-29 01:51:01.356835: Step 620: Train accuracy = 50.0%
2017-05-29 01:51:01.356910: Step 620: Cross entropy = 1.827403
2017-05-29 01:51:01.555641: Step 620: Validation accuracy = 43.0% (N=100)
2017-05-29 01:51:03.746003: Step 630: Train accuracy = 44.0%
2017-05-29 01:51:03.746076: Step 630: Cross entropy = 1.874517
2017-05-29 01:51:03.943024: Step 630: Validation accuracy = 47.0% (N=100)
2017-05-29 01:51:05.540783: Step 640: Train accuracy = 54.0%
2017-05-29 01:51:05.540883: Step 640: Cross entropy = 1.594343
2017-05-29 01:51:05.786143: Step 640: Validation accuracy = 35.0% (N=100)
2017-05-29 01:51:07.259949: Step 650: Train accuracy = 46.0%
2017-05-29 01:51:07.260027: Step 650: Cross entropy = 1.757741
2017-05-29 01:51:07.387916: Step 650: Validation accuracy = 42.0% (N=100)
2017-05-29 01:51:09.400809: Step 660: Train accuracy = 43.0%
2017-05-29 01:51:09.400892: Step 660: Cross entropy = 1.751815
2017-05-29 01:51:09.651450: Step 660: Validation accuracy = 47.0% (N=100)
2017-05-29 01:51:11.911714: Step 670: Train accuracy = 59.0%
2017-05-29 01:51:11.911823: Step 670: Cross entropy = 1.585577
2017-05-29 01:51:12.043178: Step 670: Validation accuracy = 43.0% (N=100)
2017-05-29 01:51:13.794828: Step 680: Train accuracy = 54.0%
2017-05-29 01:51:13.794904: Step 680: Cross entropy = 1.755716
2017-05-29 01:51:13.972085: Step 680: Validation accuracy = 43.0% (N=100)
2017-05-29 01:51:16.016811: Step 690: Train accuracy = 55.0%
2017-05-29 01:51:16.016890: Step 690: Cross entropy = 1.635184
2017-05-29 01:51:16.155987: Step 690: Validation accuracy = 39.0% (N=100)
2017-05-29 01:51:17.829031: Step 700: Train accuracy = 40.0%
2017-05-29 01:51:17.829115: Step 700: Cross entropy = 1.998464
2017-05-29 01:51:18.002523: Step 700: Validation accuracy = 41.0% (N=100)
2017-05-29 01:51:19.930116: Step 710: Train accuracy = 46.0%
2017-05-29 01:51:19.930192: Step 710: Cross entropy = 1.699114
2017-05-29 01:51:20.061063: Step 710: Validation accuracy = 56.0% (N=100)
2017-05-29 01:51:21.683807: Step 720: Train accuracy = 54.0%
2017-05-29 01:51:21.683871: Step 720: Cross entropy = 1.626038
2017-05-29 01:51:21.822520: Step 720: Validation accuracy = 45.0% (N=100)
2017-05-29 01:51:23.383992: Step 730: Train accuracy = 55.0%
2017-05-29 01:51:23.384068: Step 730: Cross entropy = 1.630400
2017-05-29 01:51:23.529113: Step 730: Validation accuracy = 51.0% (N=100)
2017-05-29 01:51:25.191854: Step 740: Train accuracy = 52.0%
2017-05-29 01:51:25.191930: Step 740: Cross entropy = 1.781868
2017-05-29 01:51:25.321655: Step 740: Validation accuracy = 56.0% (N=100)
2017-05-29 01:51:26.956789: Step 750: Train accuracy = 43.0%
2017-05-29 01:51:26.956876: Step 750: Cross entropy = 1.764550
2017-05-29 01:51:27.152251: Step 750: Validation accuracy = 49.0% (N=100)
2017-05-29 01:51:28.720563: Step 760: Train accuracy = 52.0%
2017-05-29 01:51:28.720639: Step 760: Cross entropy = 1.684693
2017-05-29 01:51:28.873069: Step 760: Validation accuracy = 42.0% (N=100)
2017-05-29 01:51:30.874798: Step 770: Train accuracy = 56.0%
2017-05-29 01:51:30.874884: Step 770: Cross entropy = 1.457160
2017-05-29 01:51:31.009028: Step 770: Validation accuracy = 44.0% (N=100)
2017-05-29 01:51:33.140814: Step 780: Train accuracy = 55.0%
2017-05-29 01:51:33.140877: Step 780: Cross entropy = 1.578599
2017-05-29 01:51:33.309965: Step 780: Validation accuracy = 41.0% (N=100)
2017-05-29 01:51:35.037441: Step 790: Train accuracy = 56.0%
2017-05-29 01:51:35.037517: Step 790: Cross entropy = 1.618875
2017-05-29 01:51:35.171117: Step 790: Validation accuracy = 35.0% (N=100)
2017-05-29 01:51:36.688455: Step 800: Train accuracy = 55.0%
2017-05-29 01:51:36.688542: Step 800: Cross entropy = 1.621695
2017-05-29 01:51:36.816998: Step 800: Validation accuracy = 46.0% (N=100)
2017-05-29 01:51:38.356867: Step 810: Train accuracy = 58.0%
2017-05-29 01:51:38.356945: Step 810: Cross entropy = 1.585918
2017-05-29 01:51:38.484215: Step 810: Validation accuracy = 50.0% (N=100)
2017-05-29 01:51:40.204798: Step 820: Train accuracy = 43.0%
2017-05-29 01:51:40.204867: Step 820: Cross entropy = 1.708115
2017-05-29 01:51:40.350753: Step 820: Validation accuracy = 52.0% (N=100)
2017-05-29 01:51:42.213865: Step 830: Train accuracy = 45.0%
2017-05-29 01:51:42.213933: Step 830: Cross entropy = 1.722249
2017-05-29 01:51:42.345066: Step 830: Validation accuracy = 54.0% (N=100)
2017-05-29 01:51:44.215664: Step 840: Train accuracy = 57.0%
2017-05-29 01:51:44.215740: Step 840: Cross entropy = 1.615698
2017-05-29 01:51:44.397166: Step 840: Validation accuracy = 50.0% (N=100)
2017-05-29 01:51:46.258649: Step 850: Train accuracy = 51.0%
2017-05-29 01:51:46.258726: Step 850: Cross entropy = 1.702422
2017-05-29 01:51:46.468873: Step 850: Validation accuracy = 49.0% (N=100)
2017-05-29 01:51:48.020828: Step 860: Train accuracy = 52.0%
2017-05-29 01:51:48.020916: Step 860: Cross entropy = 1.613101
2017-05-29 01:51:48.277654: Step 860: Validation accuracy = 37.0% (N=100)
2017-05-29 01:51:50.013461: Step 870: Train accuracy = 55.0%
2017-05-29 01:51:50.013530: Step 870: Cross entropy = 1.523889
2017-05-29 01:51:50.237438: Step 870: Validation accuracy = 41.0% (N=100)
2017-05-29 01:51:52.434140: Step 880: Train accuracy = 48.0%
2017-05-29 01:51:52.434217: Step 880: Cross entropy = 1.751720
2017-05-29 01:51:52.611017: Step 880: Validation accuracy = 50.0% (N=100)
2017-05-29 01:51:54.076932: Step 890: Train accuracy = 48.0%
2017-05-29 01:51:54.077007: Step 890: Cross entropy = 1.678016
2017-05-29 01:51:54.202648: Step 890: Validation accuracy = 48.0% (N=100)
2017-05-29 01:51:55.640845: Step 900: Train accuracy = 51.0%
2017-05-29 01:51:55.640921: Step 900: Cross entropy = 1.672184
2017-05-29 01:51:55.860422: Step 900: Validation accuracy = 45.0% (N=100)
2017-05-29 01:51:57.767926: Step 910: Train accuracy = 51.0%
2017-05-29 01:51:57.768002: Step 910: Cross entropy = 1.594120
2017-05-29 01:51:57.927326: Step 910: Validation accuracy = 42.0% (N=100)
2017-05-29 01:51:59.824813: Step 920: Train accuracy = 54.0%
2017-05-29 01:51:59.824906: Step 920: Cross entropy = 1.684726
2017-05-29 01:52:00.001039: Step 920: Validation accuracy = 51.0% (N=100)
2017-05-29 01:52:01.768798: Step 930: Train accuracy = 51.0%
2017-05-29 01:52:01.768872: Step 930: Cross entropy = 1.581953
2017-05-29 01:52:01.897864: Step 930: Validation accuracy = 51.0% (N=100)
2017-05-29 01:52:03.610216: Step 940: Train accuracy = 53.0%
2017-05-29 01:52:03.610298: Step 940: Cross entropy = 1.661750
2017-05-29 01:52:03.783136: Step 940: Validation accuracy = 54.0% (N=100)
2017-05-29 01:52:05.904810: Step 950: Train accuracy = 55.0%
2017-05-29 01:52:05.904887: Step 950: Cross entropy = 1.623655
2017-05-29 01:52:06.173204: Step 950: Validation accuracy = 46.0% (N=100)
2017-05-29 01:52:07.925818: Step 960: Train accuracy = 63.0%
2017-05-29 01:52:07.925894: Step 960: Cross entropy = 1.487149
2017-05-29 01:52:08.053671: Step 960: Validation accuracy = 52.0% (N=100)
2017-05-29 01:52:09.773760: Step 970: Train accuracy = 53.0%
2017-05-29 01:52:09.773834: Step 970: Cross entropy = 1.675708
2017-05-29 01:52:09.904488: Step 970: Validation accuracy = 53.0% (N=100)
2017-05-29 01:52:11.508171: Step 980: Train accuracy = 60.0%
2017-05-29 01:52:11.508268: Step 980: Cross entropy = 1.549882
2017-05-29 01:52:11.647805: Step 980: Validation accuracy = 49.0% (N=100)
2017-05-29 01:52:13.284505: Step 990: Train accuracy = 55.0%
2017-05-29 01:52:13.284576: Step 990: Cross entropy = 1.579502
2017-05-29 01:52:13.504625: Step 990: Validation accuracy = 44.0% (N=100)
2017-05-29 01:52:15.141869: Step 1000: Train accuracy = 53.0%
2017-05-29 01:52:15.141946: Step 1000: Cross entropy = 1.524031
2017-05-29 01:52:15.270762: Step 1000: Validation accuracy = 44.0% (N=100)
2017-05-29 01:52:16.958768: Step 1010: Train accuracy = 45.0%
2017-05-29 01:52:16.958843: Step 1010: Cross entropy = 1.736872
2017-05-29 01:52:17.085681: Step 1010: Validation accuracy = 43.0% (N=100)
2017-05-29 01:52:18.409095: Step 1020: Train accuracy = 43.0%
2017-05-29 01:52:18.409169: Step 1020: Cross entropy = 1.694739
2017-05-29 01:52:18.538061: Step 1020: Validation accuracy = 43.0% (N=100)
2017-05-29 01:52:19.873488: Step 1030: Train accuracy = 49.0%
2017-05-29 01:52:19.873547: Step 1030: Cross entropy = 1.664183
2017-05-29 01:52:20.001790: Step 1030: Validation accuracy = 44.0% (N=100)
2017-05-29 01:52:21.796287: Step 1040: Train accuracy = 48.0%
2017-05-29 01:52:21.796360: Step 1040: Cross entropy = 1.619008
2017-05-29 01:52:22.001543: Step 1040: Validation accuracy = 51.0% (N=100)
2017-05-29 01:52:23.994031: Step 1050: Train accuracy = 56.0%
2017-05-29 01:52:23.994116: Step 1050: Cross entropy = 1.458776
2017-05-29 01:52:24.135942: Step 1050: Validation accuracy = 42.0% (N=100)
2017-05-29 01:52:25.694172: Step 1060: Train accuracy = 58.0%
2017-05-29 01:52:25.694282: Step 1060: Cross entropy = 1.632856
2017-05-29 01:52:25.825833: Step 1060: Validation accuracy = 51.0% (N=100)
2017-05-29 01:52:27.232831: Step 1070: Train accuracy = 44.0%
2017-05-29 01:52:27.232885: Step 1070: Cross entropy = 1.560749
2017-05-29 01:52:27.470873: Step 1070: Validation accuracy = 47.0% (N=100)
2017-05-29 01:52:29.218004: Step 1080: Train accuracy = 42.0%
2017-05-29 01:52:29.218110: Step 1080: Cross entropy = 1.749776
2017-05-29 01:52:29.373063: Step 1080: Validation accuracy = 51.0% (N=100)
2017-05-29 01:52:30.817926: Step 1090: Train accuracy = 62.0%
2017-05-29 01:52:30.818001: Step 1090: Cross entropy = 1.540908
2017-05-29 01:52:30.947041: Step 1090: Validation accuracy = 49.0% (N=100)
2017-05-29 01:52:32.711987: Step 1100: Train accuracy = 53.0%
2017-05-29 01:52:32.712059: Step 1100: Cross entropy = 1.558125
2017-05-29 01:52:32.865092: Step 1100: Validation accuracy = 52.0% (N=100)
2017-05-29 01:52:34.627461: Step 1110: Train accuracy = 47.0%
2017-05-29 01:52:34.627551: Step 1110: Cross entropy = 1.597288
2017-05-29 01:52:34.806725: Step 1110: Validation accuracy = 45.0% (N=100)
2017-05-29 01:52:36.650975: Step 1120: Train accuracy = 52.0%
2017-05-29 01:52:36.651087: Step 1120: Cross entropy = 1.516615
2017-05-29 01:52:36.780267: Step 1120: Validation accuracy = 49.0% (N=100)
2017-05-29 01:52:38.255816: Step 1130: Train accuracy = 45.0%
2017-05-29 01:52:38.255892: Step 1130: Cross entropy = 1.535122
2017-05-29 01:52:38.485096: Step 1130: Validation accuracy = 51.0% (N=100)
2017-05-29 01:52:39.836232: Step 1140: Train accuracy = 62.0%
2017-05-29 01:52:39.836308: Step 1140: Cross entropy = 1.442443
2017-05-29 01:52:39.980754: Step 1140: Validation accuracy = 49.0% (N=100)
2017-05-29 01:52:41.489362: Step 1150: Train accuracy = 54.0%
2017-05-29 01:52:41.489441: Step 1150: Cross entropy = 1.618537
2017-05-29 01:52:41.622871: Step 1150: Validation accuracy = 50.0% (N=100)
2017-05-29 01:52:43.560550: Step 1160: Train accuracy = 53.0%
2017-05-29 01:52:43.560620: Step 1160: Cross entropy = 1.602473
2017-05-29 01:52:43.805116: Step 1160: Validation accuracy = 47.0% (N=100)
2017-05-29 01:52:45.757050: Step 1170: Train accuracy = 49.0%
2017-05-29 01:52:45.757123: Step 1170: Cross entropy = 1.551221
2017-05-29 01:52:45.893938: Step 1170: Validation accuracy = 47.0% (N=100)
2017-05-29 01:52:48.060353: Step 1180: Train accuracy = 54.0%
2017-05-29 01:52:48.060435: Step 1180: Cross entropy = 1.590186
2017-05-29 01:52:48.205019: Step 1180: Validation accuracy = 50.0% (N=100)
2017-05-29 01:52:50.126769: Step 1190: Train accuracy = 45.0%
2017-05-29 01:52:50.126858: Step 1190: Cross entropy = 1.629785
2017-05-29 01:52:50.401056: Step 1190: Validation accuracy = 59.0% (N=100)
2017-05-29 01:52:52.137369: Step 1200: Train accuracy = 55.0%
2017-05-29 01:52:52.137466: Step 1200: Cross entropy = 1.514111
2017-05-29 01:52:52.267626: Step 1200: Validation accuracy = 46.0% (N=100)
2017-05-29 01:52:53.622443: Step 1210: Train accuracy = 50.0%
2017-05-29 01:52:53.622518: Step 1210: Cross entropy = 1.641802
2017-05-29 01:52:53.752561: Step 1210: Validation accuracy = 53.0% (N=100)
2017-05-29 01:52:55.183424: Step 1220: Train accuracy = 44.0%
2017-05-29 01:52:55.183501: Step 1220: Cross entropy = 1.624025
2017-05-29 01:52:55.380610: Step 1220: Validation accuracy = 42.0% (N=100)
2017-05-29 01:52:57.316805: Step 1230: Train accuracy = 54.0%
2017-05-29 01:52:57.316883: Step 1230: Cross entropy = 1.676867
2017-05-29 01:52:57.512289: Step 1230: Validation accuracy = 54.0% (N=100)
2017-05-29 01:53:00.070194: Step 1240: Train accuracy = 50.0%
2017-05-29 01:53:00.070260: Step 1240: Cross entropy = 1.538969
2017-05-29 01:53:00.261170: Step 1240: Validation accuracy = 50.0% (N=100)
2017-05-29 01:53:01.984219: Step 1250: Train accuracy = 50.0%
2017-05-29 01:53:01.984302: Step 1250: Cross entropy = 1.677926
2017-05-29 01:53:02.133527: Step 1250: Validation accuracy = 53.0% (N=100)
2017-05-29 01:53:03.903424: Step 1260: Train accuracy = 62.0%
2017-05-29 01:53:03.903745: Step 1260: Cross entropy = 1.385887
2017-05-29 01:53:04.037367: Step 1260: Validation accuracy = 47.0% (N=100)
2017-05-29 01:53:05.757240: Step 1270: Train accuracy = 46.0%
2017-05-29 01:53:05.757302: Step 1270: Cross entropy = 1.591349
2017-05-29 01:53:05.931666: Step 1270: Validation accuracy = 54.0% (N=100)
2017-05-29 01:53:07.366859: Step 1280: Train accuracy = 56.0%
2017-05-29 01:53:07.366933: Step 1280: Cross entropy = 1.567453
2017-05-29 01:53:07.502628: Step 1280: Validation accuracy = 41.0% (N=100)
2017-05-29 01:53:09.094133: Step 1290: Train accuracy = 58.0%
2017-05-29 01:53:09.094244: Step 1290: Cross entropy = 1.457688
2017-05-29 01:53:09.337471: Step 1290: Validation accuracy = 48.0% (N=100)
2017-05-29 01:53:11.096449: Step 1300: Train accuracy = 50.0%
2017-05-29 01:53:11.096519: Step 1300: Cross entropy = 1.596655
2017-05-29 01:53:11.237088: Step 1300: Validation accuracy = 53.0% (N=100)
2017-05-29 01:53:12.708513: Step 1310: Train accuracy = 58.0%
2017-05-29 01:53:12.708588: Step 1310: Cross entropy = 1.503102
2017-05-29 01:53:12.840274: Step 1310: Validation accuracy = 51.0% (N=100)
2017-05-29 01:53:14.299370: Step 1320: Train accuracy = 57.0%
2017-05-29 01:53:14.299453: Step 1320: Cross entropy = 1.471202
2017-05-29 01:53:14.507070: Step 1320: Validation accuracy = 52.0% (N=100)
2017-05-29 01:53:16.120849: Step 1330: Train accuracy = 55.0%
2017-05-29 01:53:16.120947: Step 1330: Cross entropy = 1.461789
2017-05-29 01:53:16.255453: Step 1330: Validation accuracy = 51.0% (N=100)
2017-05-29 01:53:17.908160: Step 1340: Train accuracy = 53.0%
2017-05-29 01:53:17.908247: Step 1340: Cross entropy = 1.612965
2017-05-29 01:53:18.041556: Step 1340: Validation accuracy = 49.0% (N=100)
2017-05-29 01:53:19.370164: Step 1350: Train accuracy = 54.0%
2017-05-29 01:53:19.370238: Step 1350: Cross entropy = 1.470555
2017-05-29 01:53:19.497322: Step 1350: Validation accuracy = 47.0% (N=100)
2017-05-29 01:53:20.876788: Step 1360: Train accuracy = 61.0%
2017-05-29 01:53:20.876863: Step 1360: Cross entropy = 1.383018
2017-05-29 01:53:21.052734: Step 1360: Validation accuracy = 51.0% (N=100)
2017-05-29 01:53:22.564798: Step 1370: Train accuracy = 49.0%
2017-05-29 01:53:22.564897: Step 1370: Cross entropy = 1.553101
2017-05-29 01:53:22.697030: Step 1370: Validation accuracy = 52.0% (N=100)
2017-05-29 01:53:24.263419: Step 1380: Train accuracy = 53.0%
2017-05-29 01:53:24.263492: Step 1380: Cross entropy = 1.566380
2017-05-29 01:53:24.406627: Step 1380: Validation accuracy = 50.0% (N=100)
2017-05-29 01:53:25.886124: Step 1390: Train accuracy = 59.0%
2017-05-29 01:53:25.886253: Step 1390: Cross entropy = 1.457384
2017-05-29 01:53:26.061191: Step 1390: Validation accuracy = 48.0% (N=100)
2017-05-29 01:53:27.848787: Step 1400: Train accuracy = 61.0%
2017-05-29 01:53:27.848859: Step 1400: Cross entropy = 1.487600
2017-05-29 01:53:28.006899: Step 1400: Validation accuracy = 45.0% (N=100)
2017-05-29 01:53:29.627883: Step 1410: Train accuracy = 56.0%
2017-05-29 01:53:29.627936: Step 1410: Cross entropy = 1.556966
2017-05-29 01:53:29.770719: Step 1410: Validation accuracy = 54.0% (N=100)
2017-05-29 01:53:31.439429: Step 1420: Train accuracy = 57.0%
2017-05-29 01:53:31.439527: Step 1420: Cross entropy = 1.445539
2017-05-29 01:53:31.678149: Step 1420: Validation accuracy = 47.0% (N=100)
2017-05-29 01:53:33.535350: Step 1430: Train accuracy = 49.0%
2017-05-29 01:53:33.535423: Step 1430: Cross entropy = 1.677347
2017-05-29 01:53:33.669542: Step 1430: Validation accuracy = 48.0% (N=100)
2017-05-29 01:53:35.388714: Step 1440: Train accuracy = 45.0%
2017-05-29 01:53:35.388796: Step 1440: Cross entropy = 1.587543
2017-05-29 01:53:35.573407: Step 1440: Validation accuracy = 48.0% (N=100)
2017-05-29 01:53:37.521482: Step 1450: Train accuracy = 50.0%
2017-05-29 01:53:37.521579: Step 1450: Cross entropy = 1.522481
2017-05-29 01:53:37.657263: Step 1450: Validation accuracy = 42.0% (N=100)
2017-05-29 01:53:39.288789: Step 1460: Train accuracy = 63.0%
2017-05-29 01:53:39.288865: Step 1460: Cross entropy = 1.430590
2017-05-29 01:53:39.430815: Step 1460: Validation accuracy = 40.0% (N=100)
2017-05-29 01:53:40.755181: Step 1470: Train accuracy = 53.0%
2017-05-29 01:53:40.755257: Step 1470: Cross entropy = 1.569883
2017-05-29 01:53:40.882158: Step 1470: Validation accuracy = 58.0% (N=100)
2017-05-29 01:53:42.770393: Step 1480: Train accuracy = 54.0%
2017-05-29 01:53:42.770469: Step 1480: Cross entropy = 1.525438
2017-05-29 01:53:42.939363: Step 1480: Validation accuracy = 43.0% (N=100)
2017-05-29 01:53:44.747495: Step 1490: Train accuracy = 57.0%
2017-05-29 01:53:44.747583: Step 1490: Cross entropy = 1.419312
2017-05-29 01:53:44.955576: Step 1490: Validation accuracy = 32.0% (N=100)
2017-05-29 01:53:47.073403: Step 1500: Train accuracy = 51.0%
2017-05-29 01:53:47.073532: Step 1500: Cross entropy = 1.495069
2017-05-29 01:53:47.199975: Step 1500: Validation accuracy = 50.0% (N=100)
2017-05-29 01:53:48.928867: Step 1510: Train accuracy = 57.0%
2017-05-29 01:53:48.928942: Step 1510: Cross entropy = 1.503020
2017-05-29 01:53:49.072583: Step 1510: Validation accuracy = 46.0% (N=100)
2017-05-29 01:53:51.054133: Step 1520: Train accuracy = 49.0%
2017-05-29 01:53:51.054206: Step 1520: Cross entropy = 1.646415
2017-05-29 01:53:51.318508: Step 1520: Validation accuracy = 43.0% (N=100)
2017-05-29 01:53:53.376791: Step 1530: Train accuracy = 59.0%
2017-05-29 01:53:53.376866: Step 1530: Cross entropy = 1.345152
2017-05-29 01:53:53.554085: Step 1530: Validation accuracy = 52.0% (N=100)
2017-05-29 01:53:55.200971: Step 1540: Train accuracy = 49.0%
2017-05-29 01:53:55.201044: Step 1540: Cross entropy = 1.597882
2017-05-29 01:53:55.389683: Step 1540: Validation accuracy = 47.0% (N=100)
2017-05-29 01:53:57.160990: Step 1550: Train accuracy = 55.0%
2017-05-29 01:53:57.161069: Step 1550: Cross entropy = 1.446275
2017-05-29 01:53:57.316852: Step 1550: Validation accuracy = 51.0% (N=100)
2017-05-29 01:53:58.967245: Step 1560: Train accuracy = 61.0%
2017-05-29 01:53:58.967325: Step 1560: Cross entropy = 1.496854
2017-05-29 01:53:59.098660: Step 1560: Validation accuracy = 53.0% (N=100)
2017-05-29 01:54:00.660614: Step 1570: Train accuracy = 58.0%
2017-05-29 01:54:00.660714: Step 1570: Cross entropy = 1.514486
2017-05-29 01:54:00.788962: Step 1570: Validation accuracy = 58.0% (N=100)
2017-05-29 01:54:02.138117: Step 1580: Train accuracy = 50.0%
2017-05-29 01:54:02.138214: Step 1580: Cross entropy = 1.590637
2017-05-29 01:54:02.269487: Step 1580: Validation accuracy = 55.0% (N=100)
2017-05-29 01:54:03.959364: Step 1590: Train accuracy = 54.0%
2017-05-29 01:54:03.959439: Step 1590: Cross entropy = 1.504528
2017-05-29 01:54:04.091644: Step 1590: Validation accuracy = 51.0% (N=100)
2017-05-29 01:54:05.480555: Step 1600: Train accuracy = 61.0%
2017-05-29 01:54:05.480622: Step 1600: Cross entropy = 1.365698
2017-05-29 01:54:05.607966: Step 1600: Validation accuracy = 44.0% (N=100)
2017-05-29 01:54:06.953208: Step 1610: Train accuracy = 51.0%
2017-05-29 01:54:06.953284: Step 1610: Cross entropy = 1.628223
2017-05-29 01:54:07.082082: Step 1610: Validation accuracy = 54.0% (N=100)
2017-05-29 01:54:08.500530: Step 1620: Train accuracy = 56.0%
2017-05-29 01:54:08.500660: Step 1620: Cross entropy = 1.415741
2017-05-29 01:54:08.630157: Step 1620: Validation accuracy = 48.0% (N=100)
2017-05-29 01:54:10.042760: Step 1630: Train accuracy = 51.0%
2017-05-29 01:54:10.042836: Step 1630: Cross entropy = 1.606365
2017-05-29 01:54:10.170692: Step 1630: Validation accuracy = 58.0% (N=100)
2017-05-29 01:54:11.811505: Step 1640: Train accuracy = 51.0%
2017-05-29 01:54:11.811581: Step 1640: Cross entropy = 1.593966
2017-05-29 01:54:12.030566: Step 1640: Validation accuracy = 46.0% (N=100)
2017-05-29 01:54:13.446694: Step 1650: Train accuracy = 56.0%
2017-05-29 01:54:13.446778: Step 1650: Cross entropy = 1.392722
2017-05-29 01:54:13.574211: Step 1650: Validation accuracy = 53.0% (N=100)
2017-05-29 01:54:15.105656: Step 1660: Train accuracy = 59.0%
2017-05-29 01:54:15.105732: Step 1660: Cross entropy = 1.379944
2017-05-29 01:54:15.243513: Step 1660: Validation accuracy = 53.0% (N=100)
2017-05-29 01:54:16.944163: Step 1670: Train accuracy = 54.0%
2017-05-29 01:54:16.944248: Step 1670: Cross entropy = 1.602672
2017-05-29 01:54:17.071329: Step 1670: Validation accuracy = 39.0% (N=100)
2017-05-29 01:54:18.666203: Step 1680: Train accuracy = 57.0%
2017-05-29 01:54:18.666297: Step 1680: Cross entropy = 1.450956
2017-05-29 01:54:18.819163: Step 1680: Validation accuracy = 45.0% (N=100)
2017-05-29 01:54:20.338513: Step 1690: Train accuracy = 49.0%
2017-05-29 01:54:20.338591: Step 1690: Cross entropy = 1.594038
2017-05-29 01:54:20.467128: Step 1690: Validation accuracy = 53.0% (N=100)
2017-05-29 01:54:21.889231: Step 1700: Train accuracy = 59.0%
2017-05-29 01:54:21.889326: Step 1700: Cross entropy = 1.540368
2017-05-29 01:54:22.020131: Step 1700: Validation accuracy = 45.0% (N=100)
2017-05-29 01:54:23.364599: Step 1710: Train accuracy = 56.0%
2017-05-29 01:54:23.364689: Step 1710: Cross entropy = 1.365696
2017-05-29 01:54:23.492193: Step 1710: Validation accuracy = 49.0% (N=100)
2017-05-29 01:54:24.913823: Step 1720: Train accuracy = 54.0%
2017-05-29 01:54:24.913899: Step 1720: Cross entropy = 1.575196
2017-05-29 01:54:25.044541: Step 1720: Validation accuracy = 44.0% (N=100)
2017-05-29 01:54:26.381824: Step 1730: Train accuracy = 68.0%
2017-05-29 01:54:26.381899: Step 1730: Cross entropy = 1.314327
2017-05-29 01:54:26.513685: Step 1730: Validation accuracy = 53.0% (N=100)
2017-05-29 01:54:28.036617: Step 1740: Train accuracy = 59.0%
2017-05-29 01:54:28.036737: Step 1740: Cross entropy = 1.435032
2017-05-29 01:54:28.167621: Step 1740: Validation accuracy = 47.0% (N=100)
2017-05-29 01:54:29.728165: Step 1750: Train accuracy = 54.0%
2017-05-29 01:54:29.728243: Step 1750: Cross entropy = 1.434150
2017-05-29 01:54:29.858528: Step 1750: Validation accuracy = 54.0% (N=100)
2017-05-29 01:54:31.544065: Step 1760: Train accuracy = 61.0%
2017-05-29 01:54:31.544139: Step 1760: Cross entropy = 1.487863
2017-05-29 01:54:31.733133: Step 1760: Validation accuracy = 51.0% (N=100)
2017-05-29 01:54:33.402005: Step 1770: Train accuracy = 51.0%
2017-05-29 01:54:33.402100: Step 1770: Cross entropy = 1.490786
2017-05-29 01:54:33.565990: Step 1770: Validation accuracy = 46.0% (N=100)
2017-05-29 01:54:35.348791: Step 1780: Train accuracy = 48.0%
2017-05-29 01:54:35.348857: Step 1780: Cross entropy = 1.543435
2017-05-29 01:54:35.609113: Step 1780: Validation accuracy = 51.0% (N=100)
2017-05-29 01:54:37.355076: Step 1790: Train accuracy = 58.0%
2017-05-29 01:54:37.355150: Step 1790: Cross entropy = 1.367950
2017-05-29 01:54:37.483985: Step 1790: Validation accuracy = 48.0% (N=100)
2017-05-29 01:54:39.003112: Step 1800: Train accuracy = 54.0%
2017-05-29 01:54:39.003183: Step 1800: Cross entropy = 1.431381
2017-05-29 01:54:39.135217: Step 1800: Validation accuracy = 51.0% (N=100)
2017-05-29 01:54:40.975864: Step 1810: Train accuracy = 53.0%
2017-05-29 01:54:40.975939: Step 1810: Cross entropy = 1.476403
2017-05-29 01:54:41.104210: Step 1810: Validation accuracy = 47.0% (N=100)
2017-05-29 01:54:42.519031: Step 1820: Train accuracy = 57.0%
2017-05-29 01:54:42.519106: Step 1820: Cross entropy = 1.489656
2017-05-29 01:54:42.647299: Step 1820: Validation accuracy = 52.0% (N=100)
2017-05-29 01:54:44.284842: Step 1830: Train accuracy = 54.0%
2017-05-29 01:54:44.284913: Step 1830: Cross entropy = 1.580718
2017-05-29 01:54:44.425145: Step 1830: Validation accuracy = 48.0% (N=100)
2017-05-29 01:54:46.053384: Step 1840: Train accuracy = 51.0%
2017-05-29 01:54:46.053460: Step 1840: Cross entropy = 1.568457
2017-05-29 01:54:46.181954: Step 1840: Validation accuracy = 57.0% (N=100)
2017-05-29 01:54:47.882989: Step 1850: Train accuracy = 60.0%
2017-05-29 01:54:47.883058: Step 1850: Cross entropy = 1.316536
2017-05-29 01:54:48.137752: Step 1850: Validation accuracy = 47.0% (N=100)
2017-05-29 01:54:49.539577: Step 1860: Train accuracy = 60.0%
2017-05-29 01:54:49.539666: Step 1860: Cross entropy = 1.428736
2017-05-29 01:54:49.670654: Step 1860: Validation accuracy = 39.0% (N=100)
2017-05-29 01:54:51.439842: Step 1870: Train accuracy = 53.0%
2017-05-29 01:54:51.439928: Step 1870: Cross entropy = 1.583987
2017-05-29 01:54:51.705120: Step 1870: Validation accuracy = 53.0% (N=100)
2017-05-29 01:54:53.547586: Step 1880: Train accuracy = 54.0%
2017-05-29 01:54:53.547644: Step 1880: Cross entropy = 1.602875
2017-05-29 01:54:53.686125: Step 1880: Validation accuracy = 52.0% (N=100)
2017-05-29 01:54:55.293037: Step 1890: Train accuracy = 49.0%
2017-05-29 01:54:55.293124: Step 1890: Cross entropy = 1.579000
2017-05-29 01:54:55.423881: Step 1890: Validation accuracy = 55.0% (N=100)
2017-05-29 01:54:56.934173: Step 1900: Train accuracy = 50.0%
2017-05-29 01:54:56.934258: Step 1900: Cross entropy = 1.555695
2017-05-29 01:54:57.066733: Step 1900: Validation accuracy = 55.0% (N=100)
2017-05-29 01:54:58.568774: Step 1910: Train accuracy = 58.0%
2017-05-29 01:54:58.568848: Step 1910: Cross entropy = 1.373480
2017-05-29 01:54:58.704692: Step 1910: Validation accuracy = 50.0% (N=100)
2017-05-29 01:55:00.111798: Step 1920: Train accuracy = 55.0%
2017-05-29 01:55:00.111907: Step 1920: Cross entropy = 1.343041
2017-05-29 01:55:00.246268: Step 1920: Validation accuracy = 46.0% (N=100)
2017-05-29 01:55:01.898653: Step 1930: Train accuracy = 55.0%
2017-05-29 01:55:01.898732: Step 1930: Cross entropy = 1.502955
2017-05-29 01:55:02.148390: Step 1930: Validation accuracy = 52.0% (N=100)
2017-05-29 01:55:03.639997: Step 1940: Train accuracy = 50.0%
2017-05-29 01:55:03.640072: Step 1940: Cross entropy = 1.475370
2017-05-29 01:55:03.781098: Step 1940: Validation accuracy = 51.0% (N=100)
2017-05-29 01:55:05.695398: Step 1950: Train accuracy = 63.0%
2017-05-29 01:55:05.695468: Step 1950: Cross entropy = 1.341756
2017-05-29 01:55:05.825744: Step 1950: Validation accuracy = 50.0% (N=100)
2017-05-29 01:55:07.408263: Step 1960: Train accuracy = 56.0%
2017-05-29 01:55:07.408345: Step 1960: Cross entropy = 1.375478
2017-05-29 01:55:07.537758: Step 1960: Validation accuracy = 52.0% (N=100)
2017-05-29 01:55:08.894131: Step 1970: Train accuracy = 56.0%
2017-05-29 01:55:08.894197: Step 1970: Cross entropy = 1.488502
2017-05-29 01:55:09.040758: Step 1970: Validation accuracy = 57.0% (N=100)
2017-05-29 01:55:10.689016: Step 1980: Train accuracy = 54.0%
2017-05-29 01:55:10.689093: Step 1980: Cross entropy = 1.423663
2017-05-29 01:55:10.830205: Step 1980: Validation accuracy = 57.0% (N=100)
2017-05-29 01:55:12.303464: Step 1990: Train accuracy = 56.0%
2017-05-29 01:55:12.303536: Step 1990: Cross entropy = 1.526768
2017-05-29 01:55:12.430444: Step 1990: Validation accuracy = 47.0% (N=100)
2017-05-29 01:55:13.899524: Step 2000: Train accuracy = 61.0%
2017-05-29 01:55:13.899599: Step 2000: Cross entropy = 1.351822
2017-05-29 01:55:14.031037: Step 2000: Validation accuracy = 47.0% (N=100)
2017-05-29 01:55:15.752500: Step 2010: Train accuracy = 67.0%
2017-05-29 01:55:15.752574: Step 2010: Cross entropy = 1.230755
2017-05-29 01:55:15.881238: Step 2010: Validation accuracy = 52.0% (N=100)
2017-05-29 01:55:17.554218: Step 2020: Train accuracy = 61.0%
2017-05-29 01:55:17.554323: Step 2020: Cross entropy = 1.377377
2017-05-29 01:55:17.753052: Step 2020: Validation accuracy = 51.0% (N=100)
2017-05-29 01:55:19.541072: Step 2030: Train accuracy = 58.0%
2017-05-29 01:55:19.541146: Step 2030: Cross entropy = 1.505108
2017-05-29 01:55:19.670198: Step 2030: Validation accuracy = 56.0% (N=100)
2017-05-29 01:55:21.438169: Step 2040: Train accuracy = 45.0%
2017-05-29 01:55:21.438239: Step 2040: Cross entropy = 1.586034
2017-05-29 01:55:21.597156: Step 2040: Validation accuracy = 59.0% (N=100)
2017-05-29 01:55:23.188828: Step 2050: Train accuracy = 40.0%
2017-05-29 01:55:23.188899: Step 2050: Cross entropy = 1.618913
2017-05-29 01:55:23.445170: Step 2050: Validation accuracy = 46.0% (N=100)
2017-05-29 01:55:25.655139: Step 2060: Train accuracy = 66.0%
2017-05-29 01:55:25.655221: Step 2060: Cross entropy = 1.262459
2017-05-29 01:55:25.783230: Step 2060: Validation accuracy = 42.0% (N=100)
2017-05-29 01:55:27.872825: Step 2070: Train accuracy = 58.0%
2017-05-29 01:55:27.872899: Step 2070: Cross entropy = 1.385841
2017-05-29 01:55:28.116560: Step 2070: Validation accuracy = 48.0% (N=100)
2017-05-29 01:55:30.248799: Step 2080: Train accuracy = 63.0%
2017-05-29 01:55:30.248858: Step 2080: Cross entropy = 1.360110
2017-05-29 01:55:30.497077: Step 2080: Validation accuracy = 45.0% (N=100)
2017-05-29 01:55:31.909266: Step 2090: Train accuracy = 62.0%
2017-05-29 01:55:31.909356: Step 2090: Cross entropy = 1.313759
2017-05-29 01:55:32.040753: Step 2090: Validation accuracy = 56.0% (N=100)
2017-05-29 01:55:33.746441: Step 2100: Train accuracy = 51.0%
2017-05-29 01:55:33.746517: Step 2100: Cross entropy = 1.541216
2017-05-29 01:55:33.957100: Step 2100: Validation accuracy = 45.0% (N=100)
2017-05-29 01:55:35.483204: Step 2110: Train accuracy = 57.0%
2017-05-29 01:55:35.483284: Step 2110: Cross entropy = 1.451590
2017-05-29 01:55:35.615140: Step 2110: Validation accuracy = 56.0% (N=100)
2017-05-29 01:55:37.182399: Step 2120: Train accuracy = 62.0%
2017-05-29 01:55:37.182471: Step 2120: Cross entropy = 1.338967
2017-05-29 01:55:37.324934: Step 2120: Validation accuracy = 59.0% (N=100)
2017-05-29 01:55:39.019099: Step 2130: Train accuracy = 58.0%
2017-05-29 01:55:39.019175: Step 2130: Cross entropy = 1.392572
2017-05-29 01:55:39.197115: Step 2130: Validation accuracy = 51.0% (N=100)
2017-05-29 01:55:41.175114: Step 2140: Train accuracy = 58.0%
2017-05-29 01:55:41.175210: Step 2140: Cross entropy = 1.362841
2017-05-29 01:55:41.313408: Step 2140: Validation accuracy = 48.0% (N=100)
2017-05-29 01:55:42.638538: Step 2150: Train accuracy = 53.0%
2017-05-29 01:55:42.638624: Step 2150: Cross entropy = 1.553304
2017-05-29 01:55:42.765973: Step 2150: Validation accuracy = 46.0% (N=100)
2017-05-29 01:55:44.068526: Step 2160: Train accuracy = 56.0%
2017-05-29 01:55:44.068601: Step 2160: Cross entropy = 1.498050
2017-05-29 01:55:44.195711: Step 2160: Validation accuracy = 59.0% (N=100)
2017-05-29 01:55:45.500012: Step 2170: Train accuracy = 61.0%
2017-05-29 01:55:45.500075: Step 2170: Cross entropy = 1.336970
2017-05-29 01:55:45.628140: Step 2170: Validation accuracy = 46.0% (N=100)
2017-05-29 01:55:47.023747: Step 2180: Train accuracy = 61.0%
2017-05-29 01:55:47.023831: Step 2180: Cross entropy = 1.278041
2017-05-29 01:55:47.151873: Step 2180: Validation accuracy = 54.0% (N=100)
2017-05-29 01:55:48.468472: Step 2190: Train accuracy = 55.0%
2017-05-29 01:55:48.468550: Step 2190: Cross entropy = 1.427731
2017-05-29 01:55:48.594603: Step 2190: Validation accuracy = 50.0% (N=100)
2017-05-29 01:55:49.929751: Step 2200: Train accuracy = 48.0%
2017-05-29 01:55:49.929827: Step 2200: Cross entropy = 1.547347
2017-05-29 01:55:50.056329: Step 2200: Validation accuracy = 48.0% (N=100)
2017-05-29 01:55:51.431470: Step 2210: Train accuracy = 57.0%
2017-05-29 01:55:51.431565: Step 2210: Cross entropy = 1.373917
2017-05-29 01:55:51.559603: Step 2210: Validation accuracy = 48.0% (N=100)
2017-05-29 01:55:52.932036: Step 2220: Train accuracy = 56.0%
2017-05-29 01:55:52.932110: Step 2220: Cross entropy = 1.416163
2017-05-29 01:55:53.059028: Step 2220: Validation accuracy = 52.0% (N=100)
2017-05-29 01:55:54.534869: Step 2230: Train accuracy = 55.0%
2017-05-29 01:55:54.534927: Step 2230: Cross entropy = 1.510722
2017-05-29 01:55:54.669414: Step 2230: Validation accuracy = 48.0% (N=100)
2017-05-29 01:55:56.374131: Step 2240: Train accuracy = 56.0%
2017-05-29 01:55:56.374214: Step 2240: Cross entropy = 1.459940
2017-05-29 01:55:56.584423: Step 2240: Validation accuracy = 46.0% (N=100)
2017-05-29 01:55:57.956914: Step 2250: Train accuracy = 63.0%
2017-05-29 01:55:57.956987: Step 2250: Cross entropy = 1.317078
2017-05-29 01:55:58.105093: Step 2250: Validation accuracy = 47.0% (N=100)
2017-05-29 01:55:59.832810: Step 2260: Train accuracy = 55.0%
2017-05-29 01:55:59.832896: Step 2260: Cross entropy = 1.368043
2017-05-29 01:56:00.055346: Step 2260: Validation accuracy = 53.0% (N=100)
2017-05-29 01:56:01.724371: Step 2270: Train accuracy = 60.0%
2017-05-29 01:56:01.724445: Step 2270: Cross entropy = 1.324561
2017-05-29 01:56:01.853194: Step 2270: Validation accuracy = 43.0% (N=100)
2017-05-29 01:56:03.697216: Step 2280: Train accuracy = 60.0%
2017-05-29 01:56:03.697305: Step 2280: Cross entropy = 1.355357
2017-05-29 01:56:03.824774: Step 2280: Validation accuracy = 54.0% (N=100)
2017-05-29 01:56:05.482416: Step 2290: Train accuracy = 59.0%
2017-05-29 01:56:05.482504: Step 2290: Cross entropy = 1.308997
2017-05-29 01:56:05.613806: Step 2290: Validation accuracy = 58.0% (N=100)
2017-05-29 01:56:07.068840: Step 2300: Train accuracy = 56.0%
2017-05-29 01:56:07.068917: Step 2300: Cross entropy = 1.422180
2017-05-29 01:56:07.201164: Step 2300: Validation accuracy = 51.0% (N=100)
2017-05-29 01:56:08.704232: Step 2310: Train accuracy = 62.0%
2017-05-29 01:56:08.704344: Step 2310: Cross entropy = 1.303257
2017-05-29 01:56:08.844901: Step 2310: Validation accuracy = 60.0% (N=100)
2017-05-29 01:56:10.247141: Step 2320: Train accuracy = 60.0%
2017-05-29 01:56:10.247216: Step 2320: Cross entropy = 1.360889
2017-05-29 01:56:10.376800: Step 2320: Validation accuracy = 47.0% (N=100)
2017-05-29 01:56:12.128811: Step 2330: Train accuracy = 61.0%
2017-05-29 01:56:12.128886: Step 2330: Cross entropy = 1.330622
2017-05-29 01:56:12.285094: Step 2330: Validation accuracy = 54.0% (N=100)
2017-05-29 01:56:13.953986: Step 2340: Train accuracy = 51.0%
2017-05-29 01:56:13.954061: Step 2340: Cross entropy = 1.436532
2017-05-29 01:56:14.088498: Step 2340: Validation accuracy = 51.0% (N=100)
2017-05-29 01:56:15.544645: Step 2350: Train accuracy = 56.0%
2017-05-29 01:56:15.544785: Step 2350: Cross entropy = 1.409797
2017-05-29 01:56:15.759944: Step 2350: Validation accuracy = 60.0% (N=100)
2017-05-29 01:56:17.502804: Step 2360: Train accuracy = 57.0%
2017-05-29 01:56:17.502883: Step 2360: Cross entropy = 1.490703
2017-05-29 01:56:17.631163: Step 2360: Validation accuracy = 50.0% (N=100)
2017-05-29 01:56:19.404260: Step 2370: Train accuracy = 52.0%
2017-05-29 01:56:19.404337: Step 2370: Cross entropy = 1.376969
2017-05-29 01:56:19.532764: Step 2370: Validation accuracy = 47.0% (N=100)
2017-05-29 01:56:21.468171: Step 2380: Train accuracy = 56.0%
2017-05-29 01:56:21.468260: Step 2380: Cross entropy = 1.543227
2017-05-29 01:56:21.606363: Step 2380: Validation accuracy = 58.0% (N=100)
2017-05-29 01:56:23.157322: Step 2390: Train accuracy = 57.0%
2017-05-29 01:56:23.157399: Step 2390: Cross entropy = 1.365642
2017-05-29 01:56:23.285711: Step 2390: Validation accuracy = 44.0% (N=100)
2017-05-29 01:56:25.000827: Step 2400: Train accuracy = 54.0%
2017-05-29 01:56:25.000902: Step 2400: Cross entropy = 1.444957
2017-05-29 01:56:25.214223: Step 2400: Validation accuracy = 50.0% (N=100)
2017-05-29 01:56:26.770589: Step 2410: Train accuracy = 60.0%
2017-05-29 01:56:26.770675: Step 2410: Cross entropy = 1.376289
2017-05-29 01:56:26.899210: Step 2410: Validation accuracy = 56.0% (N=100)
2017-05-29 01:56:28.570244: Step 2420: Train accuracy = 52.0%
2017-05-29 01:56:28.570338: Step 2420: Cross entropy = 1.517970
2017-05-29 01:56:28.707705: Step 2420: Validation accuracy = 45.0% (N=100)
2017-05-29 01:56:30.407548: Step 2430: Train accuracy = 58.0%
2017-05-29 01:56:30.407626: Step 2430: Cross entropy = 1.372991
2017-05-29 01:56:30.540031: Step 2430: Validation accuracy = 46.0% (N=100)
2017-05-29 01:56:32.040783: Step 2440: Train accuracy = 66.0%
2017-05-29 01:56:32.040902: Step 2440: Cross entropy = 1.326743
2017-05-29 01:56:32.170703: Step 2440: Validation accuracy = 51.0% (N=100)
2017-05-29 01:56:33.897466: Step 2450: Train accuracy = 61.0%
2017-05-29 01:56:33.897545: Step 2450: Cross entropy = 1.316065
2017-05-29 01:56:34.108336: Step 2450: Validation accuracy = 49.0% (N=100)
2017-05-29 01:56:35.564416: Step 2460: Train accuracy = 55.0%
2017-05-29 01:56:35.564491: Step 2460: Cross entropy = 1.542964
2017-05-29 01:56:35.690841: Step 2460: Validation accuracy = 58.0% (N=100)
2017-05-29 01:56:37.459420: Step 2470: Train accuracy = 60.0%
2017-05-29 01:56:37.459504: Step 2470: Cross entropy = 1.380681
2017-05-29 01:56:37.709110: Step 2470: Validation accuracy = 56.0% (N=100)
2017-05-29 01:56:39.938018: Step 2480: Train accuracy = 66.0%
2017-05-29 01:56:39.938093: Step 2480: Cross entropy = 1.250026
2017-05-29 01:56:40.109814: Step 2480: Validation accuracy = 48.0% (N=100)
2017-05-29 01:56:41.654203: Step 2490: Train accuracy = 60.0%
2017-05-29 01:56:41.654280: Step 2490: Cross entropy = 1.290049
2017-05-29 01:56:41.811007: Step 2490: Validation accuracy = 51.0% (N=100)
2017-05-29 01:56:43.675545: Step 2500: Train accuracy = 56.0%
2017-05-29 01:56:43.675632: Step 2500: Cross entropy = 1.355208
2017-05-29 01:56:43.803074: Step 2500: Validation accuracy = 54.0% (N=100)
2017-05-29 01:56:45.214185: Step 2510: Train accuracy = 52.0%
2017-05-29 01:56:45.214244: Step 2510: Cross entropy = 1.457294
2017-05-29 01:56:45.421360: Step 2510: Validation accuracy = 57.0% (N=100)
2017-05-29 01:56:47.187438: Step 2520: Train accuracy = 54.0%
2017-05-29 01:56:47.187511: Step 2520: Cross entropy = 1.341513
2017-05-29 01:56:47.343670: Step 2520: Validation accuracy = 47.0% (N=100)
2017-05-29 01:56:49.163392: Step 2530: Train accuracy = 57.0%
2017-05-29 01:56:49.163468: Step 2530: Cross entropy = 1.461214
2017-05-29 01:56:49.294130: Step 2530: Validation accuracy = 48.0% (N=100)
2017-05-29 01:56:50.693392: Step 2540: Train accuracy = 56.0%
2017-05-29 01:56:50.693466: Step 2540: Cross entropy = 1.397869
2017-05-29 01:56:50.820717: Step 2540: Validation accuracy = 55.0% (N=100)
2017-05-29 01:56:52.244453: Step 2550: Train accuracy = 60.0%
2017-05-29 01:56:52.244529: Step 2550: Cross entropy = 1.258636
2017-05-29 01:56:52.372298: Step 2550: Validation accuracy = 50.0% (N=100)
2017-05-29 01:56:53.727429: Step 2560: Train accuracy = 58.0%
2017-05-29 01:56:53.727519: Step 2560: Cross entropy = 1.316449
2017-05-29 01:56:53.956879: Step 2560: Validation accuracy = 53.0% (N=100)
2017-05-29 01:56:55.558775: Step 2570: Train accuracy = 62.0%
2017-05-29 01:56:55.558848: Step 2570: Cross entropy = 1.273511
2017-05-29 01:56:55.688585: Step 2570: Validation accuracy = 51.0% (N=100)
2017-05-29 01:56:57.099862: Step 2580: Train accuracy = 54.0%
2017-05-29 01:56:57.099915: Step 2580: Cross entropy = 1.483411
2017-05-29 01:56:57.225887: Step 2580: Validation accuracy = 55.0% (N=100)
2017-05-29 01:56:58.643593: Step 2590: Train accuracy = 65.0%
2017-05-29 01:56:58.643676: Step 2590: Cross entropy = 1.287772
2017-05-29 01:56:58.774677: Step 2590: Validation accuracy = 48.0% (N=100)
2017-05-29 01:57:00.145644: Step 2600: Train accuracy = 64.0%
2017-05-29 01:57:00.145756: Step 2600: Cross entropy = 1.319954
2017-05-29 01:57:00.275595: Step 2600: Validation accuracy = 48.0% (N=100)
2017-05-29 01:57:01.717442: Step 2610: Train accuracy = 61.0%
2017-05-29 01:57:01.717516: Step 2610: Cross entropy = 1.369772
2017-05-29 01:57:01.842820: Step 2610: Validation accuracy = 55.0% (N=100)
2017-05-29 01:57:03.754648: Step 2620: Train accuracy = 59.0%
2017-05-29 01:57:03.754725: Step 2620: Cross entropy = 1.448318
2017-05-29 01:57:04.017044: Step 2620: Validation accuracy = 48.0% (N=100)
2017-05-29 01:57:05.764315: Step 2630: Train accuracy = 54.0%
2017-05-29 01:57:05.764389: Step 2630: Cross entropy = 1.522252
2017-05-29 01:57:05.920484: Step 2630: Validation accuracy = 51.0% (N=100)
2017-05-29 01:57:07.511114: Step 2640: Train accuracy = 53.0%
2017-05-29 01:57:07.511186: Step 2640: Cross entropy = 1.509113
2017-05-29 01:57:07.636850: Step 2640: Validation accuracy = 51.0% (N=100)
2017-05-29 01:57:09.042999: Step 2650: Train accuracy = 48.0%
2017-05-29 01:57:09.043070: Step 2650: Cross entropy = 1.510658
2017-05-29 01:57:09.170782: Step 2650: Validation accuracy = 51.0% (N=100)
2017-05-29 01:57:11.097868: Step 2660: Train accuracy = 69.0%
2017-05-29 01:57:11.097955: Step 2660: Cross entropy = 1.154653
2017-05-29 01:57:11.229208: Step 2660: Validation accuracy = 49.0% (N=100)
2017-05-29 01:57:12.651483: Step 2670: Train accuracy = 65.0%
2017-05-29 01:57:12.651560: Step 2670: Cross entropy = 1.285709
2017-05-29 01:57:12.782947: Step 2670: Validation accuracy = 52.0% (N=100)
2017-05-29 01:57:14.250318: Step 2680: Train accuracy = 60.0%
2017-05-29 01:57:14.250397: Step 2680: Cross entropy = 1.256731
2017-05-29 01:57:14.378240: Step 2680: Validation accuracy = 53.0% (N=100)
2017-05-29 01:57:16.157027: Step 2690: Train accuracy = 60.0%
2017-05-29 01:57:16.157102: Step 2690: Cross entropy = 1.323889
2017-05-29 01:57:16.413071: Step 2690: Validation accuracy = 51.0% (N=100)
2017-05-29 01:57:18.456842: Step 2700: Train accuracy = 64.0%
2017-05-29 01:57:18.456940: Step 2700: Cross entropy = 1.291088
2017-05-29 01:57:18.678627: Step 2700: Validation accuracy = 57.0% (N=100)
2017-05-29 01:57:20.959660: Step 2710: Train accuracy = 58.0%
2017-05-29 01:57:20.959735: Step 2710: Cross entropy = 1.281692
2017-05-29 01:57:21.090011: Step 2710: Validation accuracy = 56.0% (N=100)
2017-05-29 01:57:22.991756: Step 2720: Train accuracy = 66.0%
2017-05-29 01:57:22.991833: Step 2720: Cross entropy = 1.182172
2017-05-29 01:57:23.145149: Step 2720: Validation accuracy = 49.0% (N=100)
2017-05-29 01:57:25.045940: Step 2730: Train accuracy = 59.0%
2017-05-29 01:57:25.046015: Step 2730: Cross entropy = 1.352913
2017-05-29 01:57:25.170773: Step 2730: Validation accuracy = 50.0% (N=100)
2017-05-29 01:57:27.024861: Step 2740: Train accuracy = 57.0%
2017-05-29 01:57:27.024958: Step 2740: Cross entropy = 1.432238
2017-05-29 01:57:27.272108: Step 2740: Validation accuracy = 44.0% (N=100)
2017-05-29 01:57:29.203771: Step 2750: Train accuracy = 43.0%
2017-05-29 01:57:29.203847: Step 2750: Cross entropy = 1.567812
2017-05-29 01:57:29.330155: Step 2750: Validation accuracy = 57.0% (N=100)
2017-05-29 01:57:30.934811: Step 2760: Train accuracy = 52.0%
2017-05-29 01:57:30.934915: Step 2760: Cross entropy = 1.422346
2017-05-29 01:57:31.062806: Step 2760: Validation accuracy = 51.0% (N=100)
2017-05-29 01:57:32.755294: Step 2770: Train accuracy = 59.0%
2017-05-29 01:57:32.755369: Step 2770: Cross entropy = 1.250582
2017-05-29 01:57:33.010783: Step 2770: Validation accuracy = 52.0% (N=100)
2017-05-29 01:57:35.210550: Step 2780: Train accuracy = 52.0%
2017-05-29 01:57:35.210637: Step 2780: Cross entropy = 1.301831
2017-05-29 01:57:35.446697: Step 2780: Validation accuracy = 48.0% (N=100)
2017-05-29 01:57:37.785179: Step 2790: Train accuracy = 53.0%
2017-05-29 01:57:37.785240: Step 2790: Cross entropy = 1.401432
2017-05-29 01:57:37.976059: Step 2790: Validation accuracy = 62.0% (N=100)
2017-05-29 01:57:39.826131: Step 2800: Train accuracy = 56.0%
2017-05-29 01:57:39.826206: Step 2800: Cross entropy = 1.346751
2017-05-29 01:57:39.992084: Step 2800: Validation accuracy = 53.0% (N=100)
2017-05-29 01:57:41.726244: Step 2810: Train accuracy = 67.0%
2017-05-29 01:57:41.726327: Step 2810: Cross entropy = 1.176018
2017-05-29 01:57:41.943566: Step 2810: Validation accuracy = 52.0% (N=100)
2017-05-29 01:57:43.427440: Step 2820: Train accuracy = 55.0%
2017-05-29 01:57:43.427538: Step 2820: Cross entropy = 1.490328
2017-05-29 01:57:43.556251: Step 2820: Validation accuracy = 50.0% (N=100)
2017-05-29 01:57:45.761464: Step 2830: Train accuracy = 55.0%
2017-05-29 01:57:45.761537: Step 2830: Cross entropy = 1.404127
2017-05-29 01:57:46.012322: Step 2830: Validation accuracy = 57.0% (N=100)
2017-05-29 01:57:47.780250: Step 2840: Train accuracy = 59.0%
2017-05-29 01:57:47.780339: Step 2840: Cross entropy = 1.342055
2017-05-29 01:57:47.907401: Step 2840: Validation accuracy = 56.0% (N=100)
2017-05-29 01:57:49.647819: Step 2850: Train accuracy = 57.0%
2017-05-29 01:57:49.647891: Step 2850: Cross entropy = 1.415398
2017-05-29 01:57:49.775847: Step 2850: Validation accuracy = 58.0% (N=100)
2017-05-29 01:57:51.263284: Step 2860: Train accuracy = 61.0%
2017-05-29 01:57:51.263358: Step 2860: Cross entropy = 1.326425
2017-05-29 01:57:51.389652: Step 2860: Validation accuracy = 55.0% (N=100)
2017-05-29 01:57:52.964338: Step 2870: Train accuracy = 57.0%
2017-05-29 01:57:52.964426: Step 2870: Cross entropy = 1.413888
2017-05-29 01:57:53.091327: Step 2870: Validation accuracy = 55.0% (N=100)
2017-05-29 01:57:54.960808: Step 2880: Train accuracy = 52.0%
2017-05-29 01:57:54.960893: Step 2880: Cross entropy = 1.490165
2017-05-29 01:57:55.125133: Step 2880: Validation accuracy = 54.0% (N=100)
2017-05-29 01:57:56.732656: Step 2890: Train accuracy = 65.0%
2017-05-29 01:57:56.732778: Step 2890: Cross entropy = 1.421817
2017-05-29 01:57:56.860183: Step 2890: Validation accuracy = 54.0% (N=100)
2017-05-29 01:57:58.314157: Step 2900: Train accuracy = 50.0%
2017-05-29 01:57:58.314229: Step 2900: Cross entropy = 1.497573
2017-05-29 01:57:58.457305: Step 2900: Validation accuracy = 50.0% (N=100)
2017-05-29 01:58:00.096516: Step 2910: Train accuracy = 59.0%
2017-05-29 01:58:00.096594: Step 2910: Cross entropy = 1.277511
2017-05-29 01:58:00.224574: Step 2910: Validation accuracy = 50.0% (N=100)
2017-05-29 01:58:01.816786: Step 2920: Train accuracy = 62.0%
2017-05-29 01:58:01.816860: Step 2920: Cross entropy = 1.320043
2017-05-29 01:58:01.986793: Step 2920: Validation accuracy = 56.0% (N=100)
2017-05-29 01:58:03.664205: Step 2930: Train accuracy = 65.0%
2017-05-29 01:58:03.664279: Step 2930: Cross entropy = 1.355182
2017-05-29 01:58:03.790548: Step 2930: Validation accuracy = 55.0% (N=100)
2017-05-29 01:58:05.401138: Step 2940: Train accuracy = 58.0%
2017-05-29 01:58:05.401191: Step 2940: Cross entropy = 1.362764
2017-05-29 01:58:05.529832: Step 2940: Validation accuracy = 60.0% (N=100)
2017-05-29 01:58:07.453924: Step 2950: Train accuracy = 56.0%
2017-05-29 01:58:07.453998: Step 2950: Cross entropy = 1.349384
2017-05-29 01:58:07.709091: Step 2950: Validation accuracy = 57.0% (N=100)
2017-05-29 01:58:09.765977: Step 2960: Train accuracy = 50.0%
2017-05-29 01:58:09.766049: Step 2960: Cross entropy = 1.403779
2017-05-29 01:58:09.895760: Step 2960: Validation accuracy = 52.0% (N=100)
2017-05-29 01:58:11.426240: Step 2970: Train accuracy = 58.0%
2017-05-29 01:58:11.426315: Step 2970: Cross entropy = 1.358448
2017-05-29 01:58:11.553186: Step 2970: Validation accuracy = 54.0% (N=100)
2017-05-29 01:58:13.097806: Step 2980: Train accuracy = 55.0%
2017-05-29 01:58:13.097897: Step 2980: Cross entropy = 1.417069
2017-05-29 01:58:13.225279: Step 2980: Validation accuracy = 44.0% (N=100)
2017-05-29 01:58:14.589243: Step 2990: Train accuracy = 64.0%
2017-05-29 01:58:14.589328: Step 2990: Cross entropy = 1.248455
2017-05-29 01:58:14.716390: Step 2990: Validation accuracy = 58.0% (N=100)
2017-05-29 01:58:16.049339: Step 3000: Train accuracy = 57.0%
2017-05-29 01:58:16.049413: Step 3000: Cross entropy = 1.334244
2017-05-29 01:58:16.180153: Step 3000: Validation accuracy = 49.0% (N=100)
2017-05-29 01:58:17.664814: Step 3010: Train accuracy = 62.0%
2017-05-29 01:58:17.664885: Step 3010: Cross entropy = 1.349643
2017-05-29 01:58:17.916650: Step 3010: Validation accuracy = 45.0% (N=100)
2017-05-29 01:58:19.564392: Step 3020: Train accuracy = 61.0%
2017-05-29 01:58:19.564525: Step 3020: Cross entropy = 1.242914
2017-05-29 01:58:19.738598: Step 3020: Validation accuracy = 40.0% (N=100)
2017-05-29 01:58:21.323665: Step 3030: Train accuracy = 59.0%
2017-05-29 01:58:21.323719: Step 3030: Cross entropy = 1.347898
2017-05-29 01:58:21.453742: Step 3030: Validation accuracy = 62.0% (N=100)
2017-05-29 01:58:22.936553: Step 3040: Train accuracy = 57.0%
2017-05-29 01:58:22.936622: Step 3040: Cross entropy = 1.251337
2017-05-29 01:58:23.066567: Step 3040: Validation accuracy = 54.0% (N=100)
2017-05-29 01:58:24.426884: Step 3050: Train accuracy = 54.0%
2017-05-29 01:58:24.426960: Step 3050: Cross entropy = 1.462592
2017-05-29 01:58:24.556756: Step 3050: Validation accuracy = 51.0% (N=100)
2017-05-29 01:58:26.084793: Step 3060: Train accuracy = 62.0%
2017-05-29 01:58:26.084867: Step 3060: Cross entropy = 1.146134
2017-05-29 01:58:26.299254: Step 3060: Validation accuracy = 57.0% (N=100)
2017-05-29 01:58:27.840828: Step 3070: Train accuracy = 58.0%
2017-05-29 01:58:27.840904: Step 3070: Cross entropy = 1.366665
2017-05-29 01:58:28.006021: Step 3070: Validation accuracy = 45.0% (N=100)
2017-05-29 01:58:30.077603: Step 3080: Train accuracy = 62.0%
2017-05-29 01:58:30.077685: Step 3080: Cross entropy = 1.430613
2017-05-29 01:58:30.205280: Step 3080: Validation accuracy = 50.0% (N=100)
2017-05-29 01:58:32.222091: Step 3090: Train accuracy = 59.0%
2017-05-29 01:58:32.222165: Step 3090: Cross entropy = 1.323851
2017-05-29 01:58:32.446353: Step 3090: Validation accuracy = 51.0% (N=100)
2017-05-29 01:58:34.544567: Step 3100: Train accuracy = 48.0%
2017-05-29 01:58:34.544620: Step 3100: Cross entropy = 1.509245
2017-05-29 01:58:34.708385: Step 3100: Validation accuracy = 51.0% (N=100)
2017-05-29 01:58:37.016800: Step 3110: Train accuracy = 68.0%
2017-05-29 01:58:37.016872: Step 3110: Cross entropy = 1.247050
2017-05-29 01:58:37.175802: Step 3110: Validation accuracy = 48.0% (N=100)
2017-05-29 01:58:38.764999: Step 3120: Train accuracy = 59.0%
2017-05-29 01:58:38.765058: Step 3120: Cross entropy = 1.307457
2017-05-29 01:58:38.891734: Step 3120: Validation accuracy = 44.0% (N=100)
2017-05-29 01:58:40.782210: Step 3130: Train accuracy = 59.0%
2017-05-29 01:58:40.782287: Step 3130: Cross entropy = 1.399385
2017-05-29 01:58:40.920449: Step 3130: Validation accuracy = 50.0% (N=100)
2017-05-29 01:58:42.448788: Step 3140: Train accuracy = 57.0%
2017-05-29 01:58:42.448864: Step 3140: Cross entropy = 1.314239
2017-05-29 01:58:42.604281: Step 3140: Validation accuracy = 42.0% (N=100)
2017-05-29 01:58:44.424786: Step 3150: Train accuracy = 59.0%
2017-05-29 01:58:44.424861: Step 3150: Cross entropy = 1.305019
2017-05-29 01:58:44.685713: Step 3150: Validation accuracy = 52.0% (N=100)
2017-05-29 01:58:47.025953: Step 3160: Train accuracy = 62.0%
2017-05-29 01:58:47.026009: Step 3160: Cross entropy = 1.231847
2017-05-29 01:58:47.162250: Step 3160: Validation accuracy = 45.0% (N=100)
2017-05-29 01:58:48.962613: Step 3170: Train accuracy = 60.0%
2017-05-29 01:58:48.962710: Step 3170: Cross entropy = 1.217229
2017-05-29 01:58:49.089192: Step 3170: Validation accuracy = 56.0% (N=100)
2017-05-29 01:58:50.683208: Step 3180: Train accuracy = 65.0%
2017-05-29 01:58:50.683287: Step 3180: Cross entropy = 1.182470
2017-05-29 01:58:50.817209: Step 3180: Validation accuracy = 46.0% (N=100)
2017-05-29 01:58:52.776793: Step 3190: Train accuracy = 59.0%
2017-05-29 01:58:52.776868: Step 3190: Cross entropy = 1.387778
2017-05-29 01:58:52.951023: Step 3190: Validation accuracy = 44.0% (N=100)
2017-05-29 01:58:54.399455: Step 3200: Train accuracy = 44.0%
2017-05-29 01:58:54.399510: Step 3200: Cross entropy = 1.681554
2017-05-29 01:58:54.526550: Step 3200: Validation accuracy = 48.0% (N=100)
2017-05-29 01:58:56.053028: Step 3210: Train accuracy = 62.0%
2017-05-29 01:58:56.053107: Step 3210: Cross entropy = 1.345826
2017-05-29 01:58:56.182493: Step 3210: Validation accuracy = 48.0% (N=100)
2017-05-29 01:58:57.623716: Step 3220: Train accuracy = 60.0%
2017-05-29 01:58:57.623791: Step 3220: Cross entropy = 1.365402
2017-05-29 01:58:57.749922: Step 3220: Validation accuracy = 57.0% (N=100)
2017-05-29 01:58:59.116499: Step 3230: Train accuracy = 65.0%
2017-05-29 01:58:59.116579: Step 3230: Cross entropy = 1.079044
2017-05-29 01:58:59.251657: Step 3230: Validation accuracy = 51.0% (N=100)
2017-05-29 01:59:01.508883: Step 3240: Train accuracy = 61.0%
2017-05-29 01:59:01.508990: Step 3240: Cross entropy = 1.310160
2017-05-29 01:59:01.713073: Step 3240: Validation accuracy = 51.0% (N=100)
2017-05-29 01:59:03.292918: Step 3250: Train accuracy = 58.0%
2017-05-29 01:59:03.293013: Step 3250: Cross entropy = 1.332255
2017-05-29 01:59:03.441473: Step 3250: Validation accuracy = 47.0% (N=100)
2017-05-29 01:59:05.056707: Step 3260: Train accuracy = 68.0%
2017-05-29 01:59:05.056789: Step 3260: Cross entropy = 1.146706
2017-05-29 01:59:05.186855: Step 3260: Validation accuracy = 60.0% (N=100)
2017-05-29 01:59:06.912837: Step 3270: Train accuracy = 51.0%
2017-05-29 01:59:06.912952: Step 3270: Cross entropy = 1.443626
2017-05-29 01:59:07.041910: Step 3270: Validation accuracy = 52.0% (N=100)
2017-05-29 01:59:08.667950: Step 3280: Train accuracy = 60.0%
2017-05-29 01:59:08.668024: Step 3280: Cross entropy = 1.387709
2017-05-29 01:59:08.798063: Step 3280: Validation accuracy = 55.0% (N=100)
2017-05-29 01:59:10.293361: Step 3290: Train accuracy = 59.0%
2017-05-29 01:59:10.293429: Step 3290: Cross entropy = 1.295715
2017-05-29 01:59:10.425548: Step 3290: Validation accuracy = 57.0% (N=100)
2017-05-29 01:59:11.986301: Step 3300: Train accuracy = 64.0%
2017-05-29 01:59:11.986374: Step 3300: Cross entropy = 1.242807
2017-05-29 01:59:12.118071: Step 3300: Validation accuracy = 55.0% (N=100)
2017-05-29 01:59:13.741701: Step 3310: Train accuracy = 68.0%
2017-05-29 01:59:13.741777: Step 3310: Cross entropy = 1.194695
2017-05-29 01:59:14.006984: Step 3310: Validation accuracy = 59.0% (N=100)
2017-05-29 01:59:16.206109: Step 3320: Train accuracy = 59.0%
2017-05-29 01:59:16.206198: Step 3320: Cross entropy = 1.419405
2017-05-29 01:59:16.339159: Step 3320: Validation accuracy = 47.0% (N=100)
2017-05-29 01:59:18.312799: Step 3330: Train accuracy = 57.0%
2017-05-29 01:59:18.312901: Step 3330: Cross entropy = 1.315292
2017-05-29 01:59:18.556473: Step 3330: Validation accuracy = 51.0% (N=100)
2017-05-29 01:59:20.040391: Step 3340: Train accuracy = 58.0%
2017-05-29 01:59:20.040467: Step 3340: Cross entropy = 1.336274
2017-05-29 01:59:20.168721: Step 3340: Validation accuracy = 39.0% (N=100)
2017-05-29 01:59:21.963533: Step 3350: Train accuracy = 58.0%
2017-05-29 01:59:21.963607: Step 3350: Cross entropy = 1.372844
2017-05-29 01:59:22.164247: Step 3350: Validation accuracy = 56.0% (N=100)
2017-05-29 01:59:24.004803: Step 3360: Train accuracy = 61.0%
2017-05-29 01:59:24.004880: Step 3360: Cross entropy = 1.285891
2017-05-29 01:59:24.155465: Step 3360: Validation accuracy = 54.0% (N=100)
2017-05-29 01:59:25.590190: Step 3370: Train accuracy = 57.0%
2017-05-29 01:59:25.590319: Step 3370: Cross entropy = 1.208319
2017-05-29 01:59:25.758999: Step 3370: Validation accuracy = 53.0% (N=100)
2017-05-29 01:59:27.372801: Step 3380: Train accuracy = 66.0%
2017-05-29 01:59:27.372877: Step 3380: Cross entropy = 1.196991
2017-05-29 01:59:27.518400: Step 3380: Validation accuracy = 47.0% (N=100)
2017-05-29 01:59:29.087814: Step 3390: Train accuracy = 55.0%
2017-05-29 01:59:29.087889: Step 3390: Cross entropy = 1.359115
2017-05-29 01:59:29.225979: Step 3390: Validation accuracy = 51.0% (N=100)
2017-05-29 01:59:30.602266: Step 3400: Train accuracy = 51.0%
2017-05-29 01:59:30.602351: Step 3400: Cross entropy = 1.446608
2017-05-29 01:59:30.732067: Step 3400: Validation accuracy = 51.0% (N=100)
2017-05-29 01:59:32.268822: Step 3410: Train accuracy = 60.0%
2017-05-29 01:59:32.268886: Step 3410: Cross entropy = 1.332032
2017-05-29 01:59:32.445096: Step 3410: Validation accuracy = 51.0% (N=100)
2017-05-29 01:59:34.338095: Step 3420: Train accuracy = 61.0%
2017-05-29 01:59:34.338147: Step 3420: Cross entropy = 1.283936
2017-05-29 01:59:34.506513: Step 3420: Validation accuracy = 49.0% (N=100)
2017-05-29 01:59:35.937173: Step 3430: Train accuracy = 56.0%
2017-05-29 01:59:35.937246: Step 3430: Cross entropy = 1.333739
2017-05-29 01:59:36.064896: Step 3430: Validation accuracy = 41.0% (N=100)
2017-05-29 01:59:37.487706: Step 3440: Train accuracy = 47.0%
2017-05-29 01:59:37.487781: Step 3440: Cross entropy = 1.588751
2017-05-29 01:59:37.616867: Step 3440: Validation accuracy = 39.0% (N=100)
2017-05-29 01:59:39.231490: Step 3450: Train accuracy = 59.0%
2017-05-29 01:59:39.231565: Step 3450: Cross entropy = 1.309359
2017-05-29 01:59:39.365020: Step 3450: Validation accuracy = 55.0% (N=100)
2017-05-29 01:59:40.839617: Step 3460: Train accuracy = 58.0%
2017-05-29 01:59:40.839691: Step 3460: Cross entropy = 1.309884
2017-05-29 01:59:40.965491: Step 3460: Validation accuracy = 58.0% (N=100)
2017-05-29 01:59:42.407246: Step 3470: Train accuracy = 59.0%
2017-05-29 01:59:42.407329: Step 3470: Cross entropy = 1.275904
2017-05-29 01:59:42.537306: Step 3470: Validation accuracy = 47.0% (N=100)
2017-05-29 01:59:43.997349: Step 3480: Train accuracy = 61.0%
2017-05-29 01:59:43.997437: Step 3480: Cross entropy = 1.266061
2017-05-29 01:59:44.123748: Step 3480: Validation accuracy = 59.0% (N=100)
2017-05-29 01:59:45.902052: Step 3490: Train accuracy = 53.0%
2017-05-29 01:59:45.902151: Step 3490: Cross entropy = 1.467536
2017-05-29 01:59:46.053542: Step 3490: Validation accuracy = 55.0% (N=100)
2017-05-29 01:59:47.536512: Step 3500: Train accuracy = 67.0%
2017-05-29 01:59:47.536587: Step 3500: Cross entropy = 1.208478
2017-05-29 01:59:47.663430: Step 3500: Validation accuracy = 57.0% (N=100)
2017-05-29 01:59:49.115716: Step 3510: Train accuracy = 63.0%
2017-05-29 01:59:49.115802: Step 3510: Cross entropy = 1.279709
2017-05-29 01:59:49.249867: Step 3510: Validation accuracy = 48.0% (N=100)
2017-05-29 01:59:50.839958: Step 3520: Train accuracy = 62.0%
2017-05-29 01:59:50.840034: Step 3520: Cross entropy = 1.283141
2017-05-29 01:59:50.968961: Step 3520: Validation accuracy = 59.0% (N=100)
2017-05-29 01:59:52.702272: Step 3530: Train accuracy = 65.0%
2017-05-29 01:59:52.702371: Step 3530: Cross entropy = 1.159332
2017-05-29 01:59:52.829078: Step 3530: Validation accuracy = 57.0% (N=100)
2017-05-29 01:59:54.344849: Step 3540: Train accuracy = 61.0%
2017-05-29 01:59:54.344932: Step 3540: Cross entropy = 1.314023
2017-05-29 01:59:54.489214: Step 3540: Validation accuracy = 51.0% (N=100)
2017-05-29 01:59:56.163762: Step 3550: Train accuracy = 59.0%
2017-05-29 01:59:56.163837: Step 3550: Cross entropy = 1.253122
2017-05-29 01:59:56.349963: Step 3550: Validation accuracy = 56.0% (N=100)
2017-05-29 01:59:57.780027: Step 3560: Train accuracy = 58.0%
2017-05-29 01:59:57.780115: Step 3560: Cross entropy = 1.394414
2017-05-29 01:59:57.907370: Step 3560: Validation accuracy = 60.0% (N=100)
2017-05-29 01:59:59.638599: Step 3570: Train accuracy = 63.0%
2017-05-29 01:59:59.638679: Step 3570: Cross entropy = 1.343532
2017-05-29 01:59:59.771739: Step 3570: Validation accuracy = 48.0% (N=100)
2017-05-29 02:00:01.225904: Step 3580: Train accuracy = 50.0%
2017-05-29 02:00:01.225981: Step 3580: Cross entropy = 1.405883
2017-05-29 02:00:01.401753: Step 3580: Validation accuracy = 51.0% (N=100)
2017-05-29 02:00:02.946604: Step 3590: Train accuracy = 61.0%
2017-05-29 02:00:02.946682: Step 3590: Cross entropy = 1.278787
2017-05-29 02:00:03.126682: Step 3590: Validation accuracy = 55.0% (N=100)
2017-05-29 02:00:04.720076: Step 3600: Train accuracy = 57.0%
2017-05-29 02:00:04.720144: Step 3600: Cross entropy = 1.449914
2017-05-29 02:00:04.847263: Step 3600: Validation accuracy = 50.0% (N=100)
2017-05-29 02:00:06.754155: Step 3610: Train accuracy = 56.0%
2017-05-29 02:00:06.754229: Step 3610: Cross entropy = 1.276175
2017-05-29 02:00:06.940551: Step 3610: Validation accuracy = 57.0% (N=100)
2017-05-29 02:00:09.020837: Step 3620: Train accuracy = 61.0%
2017-05-29 02:00:09.020933: Step 3620: Cross entropy = 1.293141
2017-05-29 02:00:09.166734: Step 3620: Validation accuracy = 52.0% (N=100)
2017-05-29 02:00:11.080964: Step 3630: Train accuracy = 68.0%
2017-05-29 02:00:11.081039: Step 3630: Cross entropy = 1.090075
2017-05-29 02:00:11.213982: Step 3630: Validation accuracy = 43.0% (N=100)
2017-05-29 02:00:13.236225: Step 3640: Train accuracy = 54.0%
2017-05-29 02:00:13.236307: Step 3640: Cross entropy = 1.277715
2017-05-29 02:00:13.369977: Step 3640: Validation accuracy = 56.0% (N=100)
2017-05-29 02:00:14.711947: Step 3650: Train accuracy = 62.0%
2017-05-29 02:00:14.712029: Step 3650: Cross entropy = 1.327821
2017-05-29 02:00:14.871957: Step 3650: Validation accuracy = 54.0% (N=100)
2017-05-29 02:00:16.301565: Step 3660: Train accuracy = 63.0%
2017-05-29 02:00:16.301625: Step 3660: Cross entropy = 1.244647
2017-05-29 02:00:16.429689: Step 3660: Validation accuracy = 49.0% (N=100)
2017-05-29 02:00:17.746096: Step 3670: Train accuracy = 61.0%
2017-05-29 02:00:17.746198: Step 3670: Cross entropy = 1.226721
2017-05-29 02:00:17.873808: Step 3670: Validation accuracy = 53.0% (N=100)
2017-05-29 02:00:19.194808: Step 3680: Train accuracy = 56.0%
2017-05-29 02:00:19.194884: Step 3680: Cross entropy = 1.291979
2017-05-29 02:00:19.323898: Step 3680: Validation accuracy = 53.0% (N=100)
2017-05-29 02:00:20.757045: Step 3690: Train accuracy = 52.0%
2017-05-29 02:00:20.757131: Step 3690: Cross entropy = 1.287009
2017-05-29 02:00:20.884340: Step 3690: Validation accuracy = 50.0% (N=100)
2017-05-29 02:00:22.200885: Step 3700: Train accuracy = 63.0%
2017-05-29 02:00:22.200972: Step 3700: Cross entropy = 1.335752
2017-05-29 02:00:22.327988: Step 3700: Validation accuracy = 48.0% (N=100)
2017-05-29 02:00:23.676815: Step 3710: Train accuracy = 58.0%
2017-05-29 02:00:23.676932: Step 3710: Cross entropy = 1.249134
2017-05-29 02:00:23.936479: Step 3710: Validation accuracy = 53.0% (N=100)
2017-05-29 02:00:25.628466: Step 3720: Train accuracy = 65.0%
2017-05-29 02:00:25.628582: Step 3720: Cross entropy = 1.290832
2017-05-29 02:00:25.756412: Step 3720: Validation accuracy = 51.0% (N=100)
2017-05-29 02:00:27.256820: Step 3730: Train accuracy = 55.0%
2017-05-29 02:00:27.256890: Step 3730: Cross entropy = 1.323714
2017-05-29 02:00:27.462395: Step 3730: Validation accuracy = 64.0% (N=100)
2017-05-29 02:00:29.515570: Step 3740: Train accuracy = 61.0%
2017-05-29 02:00:29.515631: Step 3740: Cross entropy = 1.439863
2017-05-29 02:00:29.786539: Step 3740: Validation accuracy = 40.0% (N=100)
2017-05-29 02:00:31.775396: Step 3750: Train accuracy = 58.0%
2017-05-29 02:00:31.775469: Step 3750: Cross entropy = 1.257440
2017-05-29 02:00:31.910962: Step 3750: Validation accuracy = 55.0% (N=100)
2017-05-29 02:00:33.652789: Step 3760: Train accuracy = 71.0%
2017-05-29 02:00:33.652865: Step 3760: Cross entropy = 1.074260
2017-05-29 02:00:33.799824: Step 3760: Validation accuracy = 55.0% (N=100)
2017-05-29 02:00:35.459333: Step 3770: Train accuracy = 65.0%
2017-05-29 02:00:35.459409: Step 3770: Cross entropy = 1.211761
2017-05-29 02:00:35.591797: Step 3770: Validation accuracy = 45.0% (N=100)
2017-05-29 02:00:37.376041: Step 3780: Train accuracy = 65.0%
2017-05-29 02:00:37.376107: Step 3780: Cross entropy = 1.144406
2017-05-29 02:00:37.598093: Step 3780: Validation accuracy = 50.0% (N=100)
2017-05-29 02:00:39.712142: Step 3790: Train accuracy = 52.0%
2017-05-29 02:00:39.712216: Step 3790: Cross entropy = 1.340164
2017-05-29 02:00:39.872909: Step 3790: Validation accuracy = 50.0% (N=100)
2017-05-29 02:00:41.650825: Step 3800: Train accuracy = 63.0%
2017-05-29 02:00:41.650915: Step 3800: Cross entropy = 1.223987
2017-05-29 02:00:41.783993: Step 3800: Validation accuracy = 52.0% (N=100)
2017-05-29 02:00:43.578030: Step 3810: Train accuracy = 63.0%
2017-05-29 02:00:43.578107: Step 3810: Cross entropy = 1.292445
2017-05-29 02:00:43.821112: Step 3810: Validation accuracy = 51.0% (N=100)
2017-05-29 02:00:45.724841: Step 3820: Train accuracy = 58.0%
2017-05-29 02:00:45.724907: Step 3820: Cross entropy = 1.310804
2017-05-29 02:00:45.870140: Step 3820: Validation accuracy = 55.0% (N=100)
2017-05-29 02:00:47.407332: Step 3830: Train accuracy = 62.0%
2017-05-29 02:00:47.407414: Step 3830: Cross entropy = 1.248334
2017-05-29 02:00:47.537555: Step 3830: Validation accuracy = 53.0% (N=100)
2017-05-29 02:00:49.048803: Step 3840: Train accuracy = 65.0%
2017-05-29 02:00:49.048878: Step 3840: Cross entropy = 1.180272
2017-05-29 02:00:49.261025: Step 3840: Validation accuracy = 49.0% (N=100)
2017-05-29 02:00:50.930783: Step 3850: Train accuracy = 55.0%
2017-05-29 02:00:50.930867: Step 3850: Cross entropy = 1.360521
2017-05-29 02:00:51.059108: Step 3850: Validation accuracy = 58.0% (N=100)
2017-05-29 02:00:52.627068: Step 3860: Train accuracy = 68.0%
2017-05-29 02:00:52.627140: Step 3860: Cross entropy = 1.150132
2017-05-29 02:00:52.754798: Step 3860: Validation accuracy = 48.0% (N=100)
2017-05-29 02:00:54.485233: Step 3870: Train accuracy = 59.0%
2017-05-29 02:00:54.485310: Step 3870: Cross entropy = 1.371559
2017-05-29 02:00:54.620548: Step 3870: Validation accuracy = 45.0% (N=100)
2017-05-29 02:00:56.092833: Step 3880: Train accuracy = 67.0%
2017-05-29 02:00:56.092909: Step 3880: Cross entropy = 1.202896
2017-05-29 02:00:56.243303: Step 3880: Validation accuracy = 55.0% (N=100)
2017-05-29 02:00:57.914379: Step 3890: Train accuracy = 62.0%
2017-05-29 02:00:57.914447: Step 3890: Cross entropy = 1.168645
2017-05-29 02:00:58.041018: Step 3890: Validation accuracy = 55.0% (N=100)
2017-05-29 02:00:59.812844: Step 3900: Train accuracy = 61.0%
2017-05-29 02:00:59.812923: Step 3900: Cross entropy = 1.286302
2017-05-29 02:01:00.058732: Step 3900: Validation accuracy = 47.0% (N=100)
2017-05-29 02:01:01.605171: Step 3910: Train accuracy = 57.0%
2017-05-29 02:01:01.605247: Step 3910: Cross entropy = 1.371672
2017-05-29 02:01:01.735412: Step 3910: Validation accuracy = 45.0% (N=100)
2017-05-29 02:01:03.208835: Step 3920: Train accuracy = 62.0%
2017-05-29 02:01:03.208919: Step 3920: Cross entropy = 1.250596
2017-05-29 02:01:03.417135: Step 3920: Validation accuracy = 54.0% (N=100)
2017-05-29 02:01:04.974127: Step 3930: Train accuracy = 58.0%
2017-05-29 02:01:04.974221: Step 3930: Cross entropy = 1.346090
2017-05-29 02:01:05.099454: Step 3930: Validation accuracy = 48.0% (N=100)
2017-05-29 02:01:06.764562: Step 3940: Train accuracy = 67.0%
2017-05-29 02:01:06.764637: Step 3940: Cross entropy = 1.199607
2017-05-29 02:01:06.893184: Step 3940: Validation accuracy = 49.0% (N=100)
2017-05-29 02:01:08.347208: Step 3950: Train accuracy = 55.0%
2017-05-29 02:01:08.347283: Step 3950: Cross entropy = 1.327598
2017-05-29 02:01:08.474085: Step 3950: Validation accuracy = 51.0% (N=100)
2017-05-29 02:01:10.240813: Step 3960: Train accuracy = 58.0%
2017-05-29 02:01:10.240916: Step 3960: Cross entropy = 1.350167
2017-05-29 02:01:10.450618: Step 3960: Validation accuracy = 43.0% (N=100)
2017-05-29 02:01:12.282275: Step 3970: Train accuracy = 61.0%
2017-05-29 02:01:12.282354: Step 3970: Cross entropy = 1.295457
2017-05-29 02:01:12.409583: Step 3970: Validation accuracy = 48.0% (N=100)
2017-05-29 02:01:13.732642: Step 3980: Train accuracy = 60.0%
2017-05-29 02:01:13.732768: Step 3980: Cross entropy = 1.271798
2017-05-29 02:01:13.860198: Step 3980: Validation accuracy = 52.0% (N=100)
2017-05-29 02:01:15.398192: Step 3990: Train accuracy = 62.0%
2017-05-29 02:01:15.398246: Step 3990: Cross entropy = 1.277167
2017-05-29 02:01:15.523879: Step 3990: Validation accuracy = 59.0% (N=100)
2017-05-29 02:01:16.816319: Step 3999: Train accuracy = 62.0%
2017-05-29 02:01:16.816421: Step 3999: Cross entropy = 1.235136
2017-05-29 02:01:16.943499: Step 3999: Validation accuracy = 40.0% (N=100)
Final test accuracy = 49.8% (N=1830)
Converted 2 variables to const ops.
